Started GET "/" for 127.0.0.1 at 2017-11-18 16:13:29 +0200
Processing by Rails::WelcomeController#index as HTML
  Rendering /home/wolf/.rvm/gems/ruby-2.4.0@rails5/gems/railties-5.1.4/lib/rails/templates/rails/welcome/index.html.erb
  Rendered /home/wolf/.rvm/gems/ruby-2.4.0@rails5/gems/railties-5.1.4/lib/rails/templates/rails/welcome/index.html.erb (3.7ms)
Completed 200 OK in 398ms (Views: 19.8ms)


Started GET "/" for 127.0.0.1 at 2017-11-18 16:27:02 +0200
Processing by Rails::WelcomeController#index as HTML
  Rendering /home/wolf/.rvm/gems/ruby-2.4.0@rails5/gems/railties-5.1.4/lib/rails/templates/rails/welcome/index.html.erb
  Rendered /home/wolf/.rvm/gems/ruby-2.4.0@rails5/gems/railties-5.1.4/lib/rails/templates/rails/welcome/index.html.erb (4.5ms)
Completed 200 OK in 261ms (Views: 8.3ms)


Started GET "/" for 127.0.0.1 at 2017-11-18 16:27:04 +0200
Processing by Rails::WelcomeController#index as HTML
  Rendering /home/wolf/.rvm/gems/ruby-2.4.0@rails5/gems/railties-5.1.4/lib/rails/templates/rails/welcome/index.html.erb
  Rendered /home/wolf/.rvm/gems/ruby-2.4.0@rails5/gems/railties-5.1.4/lib/rails/templates/rails/welcome/index.html.erb (3.0ms)
Completed 200 OK in 5ms (Views: 4.1ms)


Started GET "/" for 127.0.0.1 at 2017-11-18 16:28:18 +0200
Processing by Rails::WelcomeController#index as HTML
  Rendering /home/wolf/.rvm/gems/ruby-2.4.0@rails5/gems/railties-5.1.4/lib/rails/templates/rails/welcome/index.html.erb
  Rendered /home/wolf/.rvm/gems/ruby-2.4.0@rails5/gems/railties-5.1.4/lib/rails/templates/rails/welcome/index.html.erb (2.8ms)
Completed 200 OK in 5ms (Views: 4.1ms)


Started GET "/" for 127.0.0.1 at 2017-11-18 16:36:10 +0200
  
ActiveRecord::PendingMigrationError (

Migrations are pending. To resolve this issue, run:

        bin/rails db:migrate RAILS_ENV=development

):
  
activerecord (5.1.4) lib/active_record/migration.rb:576:in `check_pending!'
activerecord (5.1.4) lib/active_record/migration.rb:553:in `call'
actionpack (5.1.4) lib/action_dispatch/middleware/callbacks.rb:26:in `block in call'
activesupport (5.1.4) lib/active_support/callbacks.rb:97:in `run_callbacks'
actionpack (5.1.4) lib/action_dispatch/middleware/callbacks.rb:24:in `call'
actionpack (5.1.4) lib/action_dispatch/middleware/executor.rb:12:in `call'
actionpack (5.1.4) lib/action_dispatch/middleware/debug_exceptions.rb:59:in `call'
web-console (3.5.1) lib/web_console/middleware.rb:135:in `call_app'
web-console (3.5.1) lib/web_console/middleware.rb:28:in `block in call'
web-console (3.5.1) lib/web_console/middleware.rb:18:in `catch'
web-console (3.5.1) lib/web_console/middleware.rb:18:in `call'
actionpack (5.1.4) lib/action_dispatch/middleware/show_exceptions.rb:31:in `call'
railties (5.1.4) lib/rails/rack/logger.rb:36:in `call_app'
railties (5.1.4) lib/rails/rack/logger.rb:24:in `block in call'
activesupport (5.1.4) lib/active_support/tagged_logging.rb:69:in `block in tagged'
activesupport (5.1.4) lib/active_support/tagged_logging.rb:26:in `tagged'
activesupport (5.1.4) lib/active_support/tagged_logging.rb:69:in `tagged'
railties (5.1.4) lib/rails/rack/logger.rb:24:in `call'
sprockets-rails (3.2.1) lib/sprockets/rails/quiet_assets.rb:13:in `call'
actionpack (5.1.4) lib/action_dispatch/middleware/remote_ip.rb:79:in `call'
actionpack (5.1.4) lib/action_dispatch/middleware/request_id.rb:25:in `call'
rack (2.0.3) lib/rack/method_override.rb:22:in `call'
rack (2.0.3) lib/rack/runtime.rb:22:in `call'
activesupport (5.1.4) lib/active_support/cache/strategy/local_cache_middleware.rb:27:in `call'
actionpack (5.1.4) lib/action_dispatch/middleware/executor.rb:12:in `call'
actionpack (5.1.4) lib/action_dispatch/middleware/static.rb:125:in `call'
rack (2.0.3) lib/rack/sendfile.rb:111:in `call'
railties (5.1.4) lib/rails/engine.rb:522:in `call'
puma (3.10.0) lib/puma/configuration.rb:225:in `call'
puma (3.10.0) lib/puma/server.rb:605:in `handle_request'
puma (3.10.0) lib/puma/server.rb:437:in `process_client'
puma (3.10.0) lib/puma/server.rb:301:in `block in run'
puma (3.10.0) lib/puma/thread_pool.rb:120:in `block in spawn_thread'
  [1m[35m (0.1ms)[0m  [1m[34mSELECT sqlite_version(*)[0m
  [1m[35m (86.5ms)[0m  [1m[35mCREATE TABLE "schema_migrations" ("version" varchar NOT NULL PRIMARY KEY)[0m
  [1m[35m (260.1ms)[0m  [1m[35mCREATE TABLE "ar_internal_metadata" ("key" varchar NOT NULL PRIMARY KEY, "value" varchar, "created_at" datetime NOT NULL, "updated_at" datetime NOT NULL)[0m
  [1m[35m (0.3ms)[0m  [1m[34mSELECT "schema_migrations"."version" FROM "schema_migrations" ORDER BY "schema_migrations"."version" ASC[0m
Migrating to CreateWeathers (20171118143435)
  [1m[35m (0.1ms)[0m  [1m[36mbegin transaction[0m
  [1m[35m (0.5ms)[0m  [1m[35mCREATE TABLE "weathers" ("id" INTEGER PRIMARY KEY AUTOINCREMENT NOT NULL, "created_at" datetime NOT NULL, "updated_at" datetime NOT NULL)[0m
  [1m[35mSQL (0.3ms)[0m  [1m[32mINSERT INTO "schema_migrations" ("version") VALUES (?)[0m  [["version", "20171118143435"]]
  [1m[35m (88.8ms)[0m  [1m[36mcommit transaction[0m
  [1m[36mActiveRecord::InternalMetadata Load (0.3ms)[0m  [1m[34mSELECT  "ar_internal_metadata".* FROM "ar_internal_metadata" WHERE "ar_internal_metadata"."key" = ? LIMIT ?[0m  [["key", "environment"], ["LIMIT", 1]]
  [1m[35m (0.1ms)[0m  [1m[36mbegin transaction[0m
  [1m[35mSQL (1.3ms)[0m  [1m[32mINSERT INTO "ar_internal_metadata" ("key", "value", "created_at", "updated_at") VALUES (?, ?, ?, ?)[0m  [["key", "environment"], ["value", "development"], ["created_at", "2017-11-18 14:36:49.964480"], ["updated_at", "2017-11-18 14:36:49.964480"]]
  [1m[35m (87.9ms)[0m  [1m[36mcommit transaction[0m
  [1m[35m (0.2ms)[0m  [1m[34mSELECT "schema_migrations"."version" FROM "schema_migrations" ORDER BY "schema_migrations"."version" ASC[0m
Started GET "/" for 127.0.0.1 at 2017-11-18 16:36:54 +0200
  [1m[35m (0.2ms)[0m  [1m[34mSELECT "schema_migrations"."version" FROM "schema_migrations" ORDER BY "schema_migrations"."version" ASC[0m
  
ActionController::RoutingError (uninitialized constant WeatherController):
  
activesupport (5.1.4) lib/active_support/inflector/methods.rb:269:in `const_get'
activesupport (5.1.4) lib/active_support/inflector/methods.rb:269:in `block in constantize'
activesupport (5.1.4) lib/active_support/inflector/methods.rb:267:in `each'
activesupport (5.1.4) lib/active_support/inflector/methods.rb:267:in `inject'
activesupport (5.1.4) lib/active_support/inflector/methods.rb:267:in `constantize'
actionpack (5.1.4) lib/action_dispatch/http/request.rb:85:in `controller_class_for'
actionpack (5.1.4) lib/action_dispatch/http/request.rb:78:in `controller_class'
actionpack (5.1.4) lib/action_dispatch/routing/route_set.rb:43:in `controller'
actionpack (5.1.4) lib/action_dispatch/routing/route_set.rb:29:in `serve'
actionpack (5.1.4) lib/action_dispatch/journey/router.rb:50:in `block in serve'
actionpack (5.1.4) lib/action_dispatch/journey/router.rb:33:in `each'
actionpack (5.1.4) lib/action_dispatch/journey/router.rb:33:in `serve'
actionpack (5.1.4) lib/action_dispatch/routing/route_set.rb:834:in `call'
warden (1.2.7) lib/warden/manager.rb:36:in `block in call'
warden (1.2.7) lib/warden/manager.rb:35:in `catch'
warden (1.2.7) lib/warden/manager.rb:35:in `call'
rack (2.0.3) lib/rack/etag.rb:25:in `call'
rack (2.0.3) lib/rack/conditional_get.rb:25:in `call'
rack (2.0.3) lib/rack/head.rb:12:in `call'
rack (2.0.3) lib/rack/session/abstract/id.rb:232:in `context'
rack (2.0.3) lib/rack/session/abstract/id.rb:226:in `call'
actionpack (5.1.4) lib/action_dispatch/middleware/cookies.rb:613:in `call'
activerecord (5.1.4) lib/active_record/migration.rb:556:in `call'
actionpack (5.1.4) lib/action_dispatch/middleware/callbacks.rb:26:in `block in call'
activesupport (5.1.4) lib/active_support/callbacks.rb:97:in `run_callbacks'
actionpack (5.1.4) lib/action_dispatch/middleware/callbacks.rb:24:in `call'
actionpack (5.1.4) lib/action_dispatch/middleware/executor.rb:12:in `call'
actionpack (5.1.4) lib/action_dispatch/middleware/debug_exceptions.rb:59:in `call'
web-console (3.5.1) lib/web_console/middleware.rb:135:in `call_app'
web-console (3.5.1) lib/web_console/middleware.rb:28:in `block in call'
web-console (3.5.1) lib/web_console/middleware.rb:18:in `catch'
web-console (3.5.1) lib/web_console/middleware.rb:18:in `call'
actionpack (5.1.4) lib/action_dispatch/middleware/show_exceptions.rb:31:in `call'
railties (5.1.4) lib/rails/rack/logger.rb:36:in `call_app'
railties (5.1.4) lib/rails/rack/logger.rb:24:in `block in call'
activesupport (5.1.4) lib/active_support/tagged_logging.rb:69:in `block in tagged'
activesupport (5.1.4) lib/active_support/tagged_logging.rb:26:in `tagged'
activesupport (5.1.4) lib/active_support/tagged_logging.rb:69:in `tagged'
railties (5.1.4) lib/rails/rack/logger.rb:24:in `call'
sprockets-rails (3.2.1) lib/sprockets/rails/quiet_assets.rb:13:in `call'
actionpack (5.1.4) lib/action_dispatch/middleware/remote_ip.rb:79:in `call'
actionpack (5.1.4) lib/action_dispatch/middleware/request_id.rb:25:in `call'
rack (2.0.3) lib/rack/method_override.rb:22:in `call'
rack (2.0.3) lib/rack/runtime.rb:22:in `call'
activesupport (5.1.4) lib/active_support/cache/strategy/local_cache_middleware.rb:27:in `call'
actionpack (5.1.4) lib/action_dispatch/middleware/executor.rb:12:in `call'
actionpack (5.1.4) lib/action_dispatch/middleware/static.rb:125:in `call'
rack (2.0.3) lib/rack/sendfile.rb:111:in `call'
railties (5.1.4) lib/rails/engine.rb:522:in `call'
puma (3.10.0) lib/puma/configuration.rb:225:in `call'
puma (3.10.0) lib/puma/server.rb:605:in `handle_request'
puma (3.10.0) lib/puma/server.rb:437:in `process_client'
puma (3.10.0) lib/puma/server.rb:301:in `block in run'
puma (3.10.0) lib/puma/thread_pool.rb:120:in `block in spawn_thread'
Started GET "/" for 127.0.0.1 at 2017-11-18 16:37:18 +0200
Processing by WeathersController#index as HTML
  Rendering weathers/index.html.erb within layouts/application
  [1m[36mWeather Load (0.2ms)[0m  [1m[34mSELECT "weathers".* FROM "weathers"[0m
  Rendered weathers/index.html.erb within layouts/application (5.7ms)
Completed 200 OK in 8781ms (Views: 8737.0ms | ActiveRecord: 1.2ms)


  [1m[35m (0.2ms)[0m  [1m[34mSELECT "schema_migrations"."version" FROM "schema_migrations" ORDER BY "schema_migrations"."version" ASC[0m
Migrating to DeviseCreateUsers (20171118144122)
  [1m[35m (0.1ms)[0m  [1m[36mbegin transaction[0m
  [1m[35m (0.1ms)[0m  [1m[34mSELECT sqlite_version(*)[0m
  [1m[35m (0.5ms)[0m  [1m[35mCREATE TABLE "users" ("id" INTEGER PRIMARY KEY AUTOINCREMENT NOT NULL, "email" varchar DEFAULT '' NOT NULL, "encrypted_password" varchar DEFAULT '' NOT NULL, "reset_password_token" varchar, "reset_password_sent_at" datetime, "remember_created_at" datetime, "sign_in_count" integer DEFAULT 0 NOT NULL, "current_sign_in_at" datetime, "last_sign_in_at" datetime, "current_sign_in_ip" varchar, "last_sign_in_ip" varchar, "created_at" datetime NOT NULL, "updated_at" datetime NOT NULL)[0m
  [1m[35m (0.3ms)[0m  [1m[35mCREATE UNIQUE INDEX "index_users_on_email" ON "users" ("email")[0m
  [1m[35m (0.1ms)[0m  [1m[34m            SELECT sql
            FROM sqlite_master
            WHERE name='index_users_on_email' AND type='index'
            UNION ALL
            SELECT sql
            FROM sqlite_temp_master
            WHERE name='index_users_on_email' AND type='index'
[0m
  [1m[35m (0.2ms)[0m  [1m[35mCREATE UNIQUE INDEX "index_users_on_reset_password_token" ON "users" ("reset_password_token")[0m
  [1m[35mSQL (0.2ms)[0m  [1m[32mINSERT INTO "schema_migrations" ("version") VALUES (?)[0m  [["version", "20171118144122"]]
  [1m[35m (101.9ms)[0m  [1m[36mcommit transaction[0m
  [1m[36mActiveRecord::InternalMetadata Load (0.2ms)[0m  [1m[34mSELECT  "ar_internal_metadata".* FROM "ar_internal_metadata" WHERE "ar_internal_metadata"."key" = ? LIMIT ?[0m  [["key", "environment"], ["LIMIT", 1]]
  [1m[35m (0.1ms)[0m  [1m[36mbegin transaction[0m
  [1m[35m (0.1ms)[0m  [1m[36mcommit transaction[0m
  [1m[35m (0.2ms)[0m  [1m[34mSELECT "schema_migrations"."version" FROM "schema_migrations" ORDER BY "schema_migrations"."version" ASC[0m
  [1m[35m (0.1ms)[0m  [1m[34m            SELECT sql
            FROM sqlite_master
            WHERE name='index_users_on_reset_password_token' AND type='index'
            UNION ALL
            SELECT sql
            FROM sqlite_temp_master
            WHERE name='index_users_on_reset_password_token' AND type='index'
[0m
  [1m[35m (0.3ms)[0m  [1m[34m            SELECT sql
            FROM sqlite_master
            WHERE name='index_users_on_email' AND type='index'
            UNION ALL
            SELECT sql
            FROM sqlite_temp_master
            WHERE name='index_users_on_email' AND type='index'
[0m
Started GET "/" for 127.0.0.1 at 2017-11-18 16:42:02 +0200
  [1m[35m (0.2ms)[0m  [1m[34mSELECT "schema_migrations"."version" FROM "schema_migrations" ORDER BY "schema_migrations"."version" ASC[0m
Processing by WeathersController#index as HTML
  Rendering weathers/index.html.erb within layouts/application
  [1m[36mWeather Load (0.3ms)[0m  [1m[34mSELECT "weathers".* FROM "weathers"[0m
  Rendered weathers/index.html.erb within layouts/application (4.8ms)
Completed 200 OK in 316ms (Views: 299.9ms | ActiveRecord: 0.6ms)


Started GET "/new" for 127.0.0.1 at 2017-11-18 16:42:07 +0200
  
ActionController::RoutingError (No route matches [GET] "/new"):
  
actionpack (5.1.4) lib/action_dispatch/middleware/debug_exceptions.rb:63:in `call'
web-console (3.5.1) lib/web_console/middleware.rb:135:in `call_app'
web-console (3.5.1) lib/web_console/middleware.rb:28:in `block in call'
web-console (3.5.1) lib/web_console/middleware.rb:18:in `catch'
web-console (3.5.1) lib/web_console/middleware.rb:18:in `call'
actionpack (5.1.4) lib/action_dispatch/middleware/show_exceptions.rb:31:in `call'
railties (5.1.4) lib/rails/rack/logger.rb:36:in `call_app'
railties (5.1.4) lib/rails/rack/logger.rb:24:in `block in call'
activesupport (5.1.4) lib/active_support/tagged_logging.rb:69:in `block in tagged'
activesupport (5.1.4) lib/active_support/tagged_logging.rb:26:in `tagged'
activesupport (5.1.4) lib/active_support/tagged_logging.rb:69:in `tagged'
railties (5.1.4) lib/rails/rack/logger.rb:24:in `call'
sprockets-rails (3.2.1) lib/sprockets/rails/quiet_assets.rb:13:in `call'
actionpack (5.1.4) lib/action_dispatch/middleware/remote_ip.rb:79:in `call'
actionpack (5.1.4) lib/action_dispatch/middleware/request_id.rb:25:in `call'
rack (2.0.3) lib/rack/method_override.rb:22:in `call'
rack (2.0.3) lib/rack/runtime.rb:22:in `call'
activesupport (5.1.4) lib/active_support/cache/strategy/local_cache_middleware.rb:27:in `call'
actionpack (5.1.4) lib/action_dispatch/middleware/executor.rb:12:in `call'
actionpack (5.1.4) lib/action_dispatch/middleware/static.rb:125:in `call'
rack (2.0.3) lib/rack/sendfile.rb:111:in `call'
railties (5.1.4) lib/rails/engine.rb:522:in `call'
puma (3.10.0) lib/puma/configuration.rb:225:in `call'
puma (3.10.0) lib/puma/server.rb:605:in `handle_request'
puma (3.10.0) lib/puma/server.rb:437:in `process_client'
puma (3.10.0) lib/puma/server.rb:301:in `block in run'
puma (3.10.0) lib/puma/thread_pool.rb:120:in `block in spawn_thread'
Started GET "/sign_in" for 127.0.0.1 at 2017-11-18 16:42:15 +0200
  
ActionController::RoutingError (No route matches [GET] "/sign_in"):
  
actionpack (5.1.4) lib/action_dispatch/middleware/debug_exceptions.rb:63:in `call'
web-console (3.5.1) lib/web_console/middleware.rb:135:in `call_app'
web-console (3.5.1) lib/web_console/middleware.rb:28:in `block in call'
web-console (3.5.1) lib/web_console/middleware.rb:18:in `catch'
web-console (3.5.1) lib/web_console/middleware.rb:18:in `call'
actionpack (5.1.4) lib/action_dispatch/middleware/show_exceptions.rb:31:in `call'
railties (5.1.4) lib/rails/rack/logger.rb:36:in `call_app'
railties (5.1.4) lib/rails/rack/logger.rb:24:in `block in call'
activesupport (5.1.4) lib/active_support/tagged_logging.rb:69:in `block in tagged'
activesupport (5.1.4) lib/active_support/tagged_logging.rb:26:in `tagged'
activesupport (5.1.4) lib/active_support/tagged_logging.rb:69:in `tagged'
railties (5.1.4) lib/rails/rack/logger.rb:24:in `call'
sprockets-rails (3.2.1) lib/sprockets/rails/quiet_assets.rb:13:in `call'
actionpack (5.1.4) lib/action_dispatch/middleware/remote_ip.rb:79:in `call'
actionpack (5.1.4) lib/action_dispatch/middleware/request_id.rb:25:in `call'
rack (2.0.3) lib/rack/method_override.rb:22:in `call'
rack (2.0.3) lib/rack/runtime.rb:22:in `call'
activesupport (5.1.4) lib/active_support/cache/strategy/local_cache_middleware.rb:27:in `call'
actionpack (5.1.4) lib/action_dispatch/middleware/executor.rb:12:in `call'
actionpack (5.1.4) lib/action_dispatch/middleware/static.rb:125:in `call'
rack (2.0.3) lib/rack/sendfile.rb:111:in `call'
railties (5.1.4) lib/rails/engine.rb:522:in `call'
puma (3.10.0) lib/puma/configuration.rb:225:in `call'
puma (3.10.0) lib/puma/server.rb:605:in `handle_request'
puma (3.10.0) lib/puma/server.rb:437:in `process_client'
puma (3.10.0) lib/puma/server.rb:301:in `block in run'
puma (3.10.0) lib/puma/thread_pool.rb:120:in `block in spawn_thread'
Started GET "/users/sign_in" for 127.0.0.1 at 2017-11-18 16:42:22 +0200
Processing by Devise::SessionsController#new as HTML
  Rendering devise/sessions/new.html.erb within layouts/application
  Rendered devise/shared/_links.html.erb (1.7ms)
  Rendered devise/sessions/new.html.erb within layouts/application (163.7ms)
Completed 200 OK in 254ms (Views: 216.0ms | ActiveRecord: 1.0ms)


Started GET "/users/sign_up" for 127.0.0.1 at 2017-11-18 16:42:27 +0200
Processing by Devise::RegistrationsController#new as HTML
  Rendering devise/registrations/new.html.erb within layouts/application
  Rendered devise/shared/_links.html.erb (1.5ms)
  Rendered devise/registrations/new.html.erb within layouts/application (9.3ms)
Completed 200 OK in 77ms (Views: 76.1ms | ActiveRecord: 0.0ms)


Started POST "/users" for 127.0.0.1 at 2017-11-18 16:42:27 +0200
Processing by Devise::RegistrationsController#create as HTML
  Parameters: {"utf8"=>"✓", "authenticity_token"=>"/KXFSasgnjGR6Fp+b0D0T+aTXS8I90AkpMKnDPScFYyzGiScLneaU0c1gGPHxhVHW/X3PHwwEmkN6AVqjeKoSA==", "user"=>{"email"=>"", "password"=>"[FILTERED]", "password_confirmation"=>"[FILTERED]"}, "commit"=>"Sign up"}
  [1m[35m (0.1ms)[0m  [1m[36mbegin transaction[0m
  [1m[35m (0.1ms)[0m  [1m[31mrollback transaction[0m
  Rendering devise/registrations/new.html.erb within layouts/application
  Rendered devise/shared/_links.html.erb (1.2ms)
  Rendered devise/registrations/new.html.erb within layouts/application (5.6ms)
Completed 200 OK in 43ms (Views: 34.9ms | ActiveRecord: 0.2ms)


Started POST "/users" for 127.0.0.1 at 2017-11-18 16:42:48 +0200
Processing by Devise::RegistrationsController#create as HTML
  Parameters: {"utf8"=>"✓", "authenticity_token"=>"s2MwqPVQetX+bkOc4XUHrDiGof+4EvXCr89HPbhcqGr8CVosHbXc4BYq47sXHpgE5iBbR2mNNRdXXTfqQ2Ar6g==", "user"=>{"email"=>"veliar.master@gmail.com", "password"=>"[FILTERED]", "password_confirmation"=>"[FILTERED]"}, "commit"=>"Sign up"}
  [1m[35m (0.1ms)[0m  [1m[36mbegin transaction[0m
  [1m[36mUser Exists (0.3ms)[0m  [1m[34mSELECT  1 AS one FROM "users" WHERE "users"."email" = ? LIMIT ?[0m  [["email", "veliar.master@gmail.com"], ["LIMIT", 1]]
  [1m[35mSQL (11.1ms)[0m  [1m[32mINSERT INTO "users" ("email", "encrypted_password", "created_at", "updated_at") VALUES (?, ?, ?, ?)[0m  [["email", "veliar.master@gmail.com"], ["encrypted_password", "$2a$11$TOnNz7JnfQIXZLRIxQP/Ae8juvDur1nhgLycb2/kKS/.c5R5LCZfm"], ["created_at", "2017-11-18 14:42:48.609260"], ["updated_at", "2017-11-18 14:42:48.609260"]]
  [1m[35m (101.3ms)[0m  [1m[36mcommit transaction[0m
  [1m[35m (0.1ms)[0m  [1m[36mbegin transaction[0m
  [1m[35mSQL (4.0ms)[0m  [1m[33mUPDATE "users" SET "sign_in_count" = ?, "current_sign_in_at" = ?, "last_sign_in_at" = ?, "current_sign_in_ip" = ?, "last_sign_in_ip" = ?, "updated_at" = ? WHERE "users"."id" = ?[0m  [["sign_in_count", 1], ["current_sign_in_at", "2017-11-18 14:42:48.723849"], ["last_sign_in_at", "2017-11-18 14:42:48.723849"], ["current_sign_in_ip", "127.0.0.1"], ["last_sign_in_ip", "127.0.0.1"], ["updated_at", "2017-11-18 14:42:48.724504"], ["id", 1]]
  [1m[35m (78.8ms)[0m  [1m[36mcommit transaction[0m
Redirected to http://localhost:3000/
Completed 302 Found in 537ms (ActiveRecord: 195.7ms)


Started GET "/" for 127.0.0.1 at 2017-11-18 16:42:48 +0200
Processing by WeathersController#index as HTML
  Rendering weathers/index.html.erb within layouts/application
  [1m[36mWeather Load (0.2ms)[0m  [1m[34mSELECT "weathers".* FROM "weathers"[0m
  Rendered weathers/index.html.erb within layouts/application (1.8ms)
Completed 200 OK in 50ms (Views: 47.5ms | ActiveRecord: 0.2ms)


Started GET "/" for 127.0.0.1 at 2017-11-18 16:43:52 +0200
  [1m[35m (0.2ms)[0m  [1m[34mSELECT "schema_migrations"."version" FROM "schema_migrations" ORDER BY "schema_migrations"."version" ASC[0m
Processing by WeathersController#index as HTML
  Rendering weathers/index.html.erb within layouts/application
  [1m[36mWeather Load (1.4ms)[0m  [1m[34mSELECT "weathers".* FROM "weathers"[0m
  Rendered weathers/index.html.erb within layouts/application (4.7ms)
Completed 200 OK in 788ms (Views: 771.3ms | ActiveRecord: 1.8ms)


Started GET "/" for 127.0.0.1 at 2017-11-18 16:44:51 +0200
  [1m[35m (0.2ms)[0m  [1m[34mSELECT "schema_migrations"."version" FROM "schema_migrations" ORDER BY "schema_migrations"."version" ASC[0m
Processing by WeathersController#index as HTML
  Rendering weathers/index.html.erb within layouts/application
  [1m[36mWeather Load (0.2ms)[0m  [1m[34mSELECT "weathers".* FROM "weathers"[0m
  Rendered weathers/index.html.erb within layouts/application (3.6ms)
Completed 200 OK in 6328ms (Views: 6311.5ms | ActiveRecord: 0.5ms)


  [1m[35m (0.2ms)[0m  [1m[34mSELECT "schema_migrations"."version" FROM "schema_migrations" ORDER BY "schema_migrations"."version" ASC[0m
  [1m[35m (0.1ms)[0m  [1m[34mSELECT "schema_migrations"."version" FROM "schema_migrations" ORDER BY "schema_migrations"."version" ASC[0m
Migrating to DeviseCreateUsers (20171118144122)
  [1m[35m (0.1ms)[0m  [1m[36mbegin transaction[0m
  [1m[35m (0.2ms)[0m  [1m[34m            SELECT sql
            FROM sqlite_master
            WHERE name='index_users_on_reset_password_token' AND type='index'
            UNION ALL
            SELECT sql
            FROM sqlite_temp_master
            WHERE name='index_users_on_reset_password_token' AND type='index'
[0m
  [1m[35m (0.1ms)[0m  [1m[34m            SELECT sql
            FROM sqlite_master
            WHERE name='index_users_on_email' AND type='index'
            UNION ALL
            SELECT sql
            FROM sqlite_temp_master
            WHERE name='index_users_on_email' AND type='index'
[0m
  [1m[35m (2.2ms)[0m  [1m[35mDROP INDEX "index_users_on_reset_password_token"[0m
  [1m[35m (0.2ms)[0m  [1m[34m            SELECT sql
            FROM sqlite_master
            WHERE name='index_users_on_email' AND type='index'
            UNION ALL
            SELECT sql
            FROM sqlite_temp_master
            WHERE name='index_users_on_email' AND type='index'
[0m
  [1m[35m (14.6ms)[0m  [1m[35mDROP INDEX "index_users_on_email"[0m
  [1m[35m (0.4ms)[0m  [1m[35mDROP TABLE "users"[0m
  [1m[35mSQL (0.3ms)[0m  [1m[31mDELETE FROM "schema_migrations" WHERE "schema_migrations"."version" = ?[0m  [["version", "20171118144122"]]
  [1m[35m (58.2ms)[0m  [1m[36mcommit transaction[0m
  [1m[35m (0.2ms)[0m  [1m[34mSELECT "schema_migrations"."version" FROM "schema_migrations" ORDER BY "schema_migrations"."version" ASC[0m
  [1m[35m (0.2ms)[0m  [1m[34mSELECT "schema_migrations"."version" FROM "schema_migrations" ORDER BY "schema_migrations"."version" ASC[0m
  [1m[35m (0.1ms)[0m  [1m[34mSELECT "schema_migrations"."version" FROM "schema_migrations" ORDER BY "schema_migrations"."version" ASC[0m
Migrating to CreateWeathers (20171118143435)
  [1m[35m (0.1ms)[0m  [1m[36mbegin transaction[0m
  [1m[35m (5.1ms)[0m  [1m[35mDROP TABLE "weathers"[0m
  [1m[35mSQL (0.3ms)[0m  [1m[31mDELETE FROM "schema_migrations" WHERE "schema_migrations"."version" = ?[0m  [["version", "20171118143435"]]
  [1m[35m (83.4ms)[0m  [1m[36mcommit transaction[0m
  [1m[35m (0.2ms)[0m  [1m[34mSELECT "schema_migrations"."version" FROM "schema_migrations" ORDER BY "schema_migrations"."version" ASC[0m
  [1m[35m (0.2ms)[0m  [1m[34mSELECT "schema_migrations"."version" FROM "schema_migrations" ORDER BY "schema_migrations"."version" ASC[0m
Migrating to DeviseCreateUsers (20171118144122)
  [1m[35m (0.1ms)[0m  [1m[36mbegin transaction[0m
  [1m[35m (0.1ms)[0m  [1m[34mSELECT sqlite_version(*)[0m
  [1m[35m (2.7ms)[0m  [1m[35mCREATE TABLE "users" ("id" INTEGER PRIMARY KEY AUTOINCREMENT NOT NULL, "email" varchar DEFAULT '' NOT NULL, "encrypted_password" varchar DEFAULT '' NOT NULL, "reset_password_token" varchar, "reset_password_sent_at" datetime, "remember_created_at" datetime, "sign_in_count" integer DEFAULT 0 NOT NULL, "current_sign_in_at" datetime, "last_sign_in_at" datetime, "current_sign_in_ip" varchar, "last_sign_in_ip" varchar, "created_at" datetime NOT NULL, "updated_at" datetime NOT NULL)[0m
  [1m[35m (0.4ms)[0m  [1m[35mCREATE UNIQUE INDEX "index_users_on_email" ON "users" ("email")[0m
  [1m[35m (0.1ms)[0m  [1m[34m            SELECT sql
            FROM sqlite_master
            WHERE name='index_users_on_email' AND type='index'
            UNION ALL
            SELECT sql
            FROM sqlite_temp_master
            WHERE name='index_users_on_email' AND type='index'
[0m
  [1m[35m (0.2ms)[0m  [1m[35mCREATE UNIQUE INDEX "index_users_on_reset_password_token" ON "users" ("reset_password_token")[0m
  [1m[35mSQL (0.3ms)[0m  [1m[32mINSERT INTO "schema_migrations" ("version") VALUES (?)[0m  [["version", "20171118144122"]]
  [1m[35m (62.0ms)[0m  [1m[36mcommit transaction[0m
  [1m[36mActiveRecord::InternalMetadata Load (0.3ms)[0m  [1m[34mSELECT  "ar_internal_metadata".* FROM "ar_internal_metadata" WHERE "ar_internal_metadata"."key" = ? LIMIT ?[0m  [["key", "environment"], ["LIMIT", 1]]
  [1m[35m (0.1ms)[0m  [1m[36mbegin transaction[0m
  [1m[35m (0.1ms)[0m  [1m[36mcommit transaction[0m
  [1m[35m (0.2ms)[0m  [1m[34mSELECT "schema_migrations"."version" FROM "schema_migrations" ORDER BY "schema_migrations"."version" ASC[0m
  [1m[35m (0.1ms)[0m  [1m[34m            SELECT sql
            FROM sqlite_master
            WHERE name='index_users_on_reset_password_token' AND type='index'
            UNION ALL
            SELECT sql
            FROM sqlite_temp_master
            WHERE name='index_users_on_reset_password_token' AND type='index'
[0m
  [1m[35m (0.1ms)[0m  [1m[34m            SELECT sql
            FROM sqlite_master
            WHERE name='index_users_on_email' AND type='index'
            UNION ALL
            SELECT sql
            FROM sqlite_temp_master
            WHERE name='index_users_on_email' AND type='index'
[0m
  [1m[35m (0.2ms)[0m  [1m[34mSELECT "schema_migrations"."version" FROM "schema_migrations" ORDER BY "schema_migrations"."version" ASC[0m
Migrating to CreateSavedWeathers (20171121124037)
  [1m[35m (0.1ms)[0m  [1m[36mbegin transaction[0m
  [1m[35m (0.4ms)[0m  [1m[35mALTER TABLE "saved_weathers" ADD "yahoo_title" varchar[0m
  [1m[35m (0.1ms)[0m  [1m[31mrollback transaction[0m
  [1m[35m (0.2ms)[0m  [1m[34mSELECT "schema_migrations"."version" FROM "schema_migrations" ORDER BY "schema_migrations"."version" ASC[0m
Migrating to CreateSavedWeathers (20171121124037)
  [1m[35m (0.1ms)[0m  [1m[36mbegin transaction[0m
  [1m[35m (0.1ms)[0m  [1m[34mSELECT sqlite_version(*)[0m
  [1m[35m (1.3ms)[0m  [1m[35mCREATE TABLE "saved_weathers" ("id" INTEGER PRIMARY KEY AUTOINCREMENT NOT NULL, "search_city" varchar, "yahoo_title" varchar, "yahoo_temp" varchar, "yahoo_text" varchar, "owm_min" varchar, "owm_max" varchar, "owm_cloud" varchar, "created_at" datetime NOT NULL, "updated_at" datetime NOT NULL)[0m
  [1m[35mSQL (0.4ms)[0m  [1m[32mINSERT INTO "schema_migrations" ("version") VALUES (?)[0m  [["version", "20171121124037"]]
  [1m[35m (93.1ms)[0m  [1m[36mcommit transaction[0m
  [1m[36mActiveRecord::InternalMetadata Load (0.3ms)[0m  [1m[34mSELECT  "ar_internal_metadata".* FROM "ar_internal_metadata" WHERE "ar_internal_metadata"."key" = ? LIMIT ?[0m  [["key", "environment"], ["LIMIT", 1]]
  [1m[35m (0.2ms)[0m  [1m[36mbegin transaction[0m
  [1m[35m (0.2ms)[0m  [1m[36mcommit transaction[0m
  [1m[35m (0.5ms)[0m  [1m[34mSELECT "schema_migrations"."version" FROM "schema_migrations" ORDER BY "schema_migrations"."version" ASC[0m
  [1m[35m (0.1ms)[0m  [1m[34m            SELECT sql
            FROM sqlite_master
            WHERE name='index_users_on_reset_password_token' AND type='index'
            UNION ALL
            SELECT sql
            FROM sqlite_temp_master
            WHERE name='index_users_on_reset_password_token' AND type='index'
[0m
  [1m[35m (0.2ms)[0m  [1m[34m            SELECT sql
            FROM sqlite_master
            WHERE name='index_users_on_email' AND type='index'
            UNION ALL
            SELECT sql
            FROM sqlite_temp_master
            WHERE name='index_users_on_email' AND type='index'
[0m
Started GET "/saved_weathers/2" for 127.0.0.1 at 2017-11-21 14:46:55 +0200
  [1m[35m (0.2ms)[0m  [1m[34mSELECT "schema_migrations"."version" FROM "schema_migrations" ORDER BY "schema_migrations"."version" ASC[0m
Processing by SavedWeathersController#show as HTML
  Parameters: {"id"=>"2"}
  [1m[36mSavedWeather Load (0.3ms)[0m  [1m[34mSELECT  "saved_weathers".* FROM "saved_weathers" WHERE "saved_weathers"."id" = ? LIMIT ?[0m  [["id", 2], ["LIMIT", 1]]
Completed 404 Not Found in 28ms (ActiveRecord: 1.3ms)


  
ActiveRecord::RecordNotFound (Couldn't find SavedWeather with 'id'=2):
  
app/controllers/saved_weathers_controller.rb:85:in `set_saved_weather'
Started GET "/" for 127.0.0.1 at 2017-11-21 14:47:01 +0200
Processing by SavedWeathersController#index as HTML
  Rendering saved_weathers/index.html.erb within layouts/application
  [1m[36mSavedWeather Load (0.4ms)[0m  [1m[34mSELECT "saved_weathers".* FROM "saved_weathers"[0m
  Rendered saved_weathers/index.html.erb within layouts/application (3.1ms)
Completed 200 OK in 878ms (Views: 875.6ms | ActiveRecord: 0.4ms)


Started GET "/" for 127.0.0.1 at 2017-11-21 14:48:03 +0200
Processing by SavedWeathersController#index as HTML
  Rendering saved_weathers/index.html.erb within layouts/application
  [1m[36mSavedWeather Load (0.2ms)[0m  [1m[34mSELECT "saved_weathers".* FROM "saved_weathers"[0m
  Rendered saved_weathers/index.html.erb within layouts/application (2.5ms)
  Rendering shared/navbar.html.erb
  Rendered shared/navbar.html.erb (5.8ms)
Completed 200 OK in 102ms (Views: 100.6ms | ActiveRecord: 0.2ms)


Started GET "/saved_weathers/new" for 127.0.0.1 at 2017-11-21 14:48:07 +0200
Processing by SavedWeathersController#new as HTML
  Rendering saved_weathers/new.html.erb within layouts/application
  Rendered saved_weathers/_form.html.erb (119.6ms)
  Rendered saved_weathers/new.html.erb within layouts/application (121.3ms)
  Rendering shared/navbar.html.erb
  Rendered shared/navbar.html.erb (1.3ms)
Completed 200 OK in 213ms (Views: 198.8ms | ActiveRecord: 0.0ms)


Started POST "/saved_weathers" for 127.0.0.1 at 2017-11-21 14:48:12 +0200
Processing by SavedWeathersController#create as HTML
  Parameters: {"utf8"=>"✓", "authenticity_token"=>"gaoGAX/QHFffMryHMQOL3oNqBGmOqnvy1qVmDOU3kB1Az/nUmr47GUy6Ey43UF+2ES+ggNuK1b7GtcfWNgYATA==", "saved_weather"=>{"yahoo_title"=>"1"}, "commit"=>"Create Saved weather"}
  [1m[35m (0.1ms)[0m  [1m[36mbegin transaction[0m
  [1m[35mSQL (1.8ms)[0m  [1m[32mINSERT INTO "saved_weathers" ("yahoo_title", "created_at", "updated_at") VALUES (?, ?, ?)[0m  [["yahoo_title", "1"], ["created_at", "2017-11-21 12:48:12.262966"], ["updated_at", "2017-11-21 12:48:12.262966"]]
  [1m[35m (116.5ms)[0m  [1m[36mcommit transaction[0m
Redirected to http://localhost:3000/saved_weathers/1
Completed 302 Found in 126ms (ActiveRecord: 118.3ms)


Started GET "/saved_weathers/1" for 127.0.0.1 at 2017-11-21 14:48:12 +0200
Processing by SavedWeathersController#show as HTML
  Parameters: {"id"=>"1"}
  [1m[36mSavedWeather Load (0.2ms)[0m  [1m[34mSELECT  "saved_weathers".* FROM "saved_weathers" WHERE "saved_weathers"."id" = ? LIMIT ?[0m  [["id", 1], ["LIMIT", 1]]
  Rendering saved_weathers/show.html.erb within layouts/application
  Rendered saved_weathers/show.html.erb within layouts/application (1.0ms)
  Rendering shared/navbar.html.erb
  Rendered shared/navbar.html.erb (1.5ms)
Completed 200 OK in 84ms (Views: 80.9ms | ActiveRecord: 0.2ms)


Started GET "/" for 127.0.0.1 at 2017-11-21 14:48:15 +0200
Processing by SavedWeathersController#index as HTML
  Rendering saved_weathers/index.html.erb within layouts/application
  [1m[36mSavedWeather Load (0.3ms)[0m  [1m[34mSELECT "saved_weathers".* FROM "saved_weathers"[0m
  Rendered saved_weathers/index.html.erb within layouts/application (2.6ms)
  Rendering shared/navbar.html.erb
  Rendered shared/navbar.html.erb (1.2ms)
Completed 200 OK in 81ms (Views: 80.1ms | ActiveRecord: 0.3ms)


Started DELETE "/saved_weathers/1" for 127.0.0.1 at 2017-11-21 14:48:19 +0200
Processing by SavedWeathersController#destroy as HTML
  Parameters: {"authenticity_token"=>"drFnt1DsXyENIjmuJw9uhZ+PFXFaf2LKex+Ie+gBtFW31JhitYJ4b56qlgchXLrtDcqxmA9fzIZrDymhOzAkBA==", "id"=>"1"}
  [1m[36mSavedWeather Load (0.2ms)[0m  [1m[34mSELECT  "saved_weathers".* FROM "saved_weathers" WHERE "saved_weathers"."id" = ? LIMIT ?[0m  [["id", 1], ["LIMIT", 1]]
  [1m[35m (0.1ms)[0m  [1m[36mbegin transaction[0m
  [1m[35mSQL (2.9ms)[0m  [1m[31mDELETE FROM "saved_weathers" WHERE "saved_weathers"."id" = ?[0m  [["id", 1]]
  [1m[35m (93.8ms)[0m  [1m[36mcommit transaction[0m
Redirected to http://localhost:3000/saved_weathers
Completed 302 Found in 102ms (ActiveRecord: 97.0ms)


Started GET "/saved_weathers" for 127.0.0.1 at 2017-11-21 14:48:19 +0200
Processing by SavedWeathersController#index as HTML
  Rendering saved_weathers/index.html.erb within layouts/application
  [1m[36mSavedWeather Load (0.3ms)[0m  [1m[34mSELECT "saved_weathers".* FROM "saved_weathers"[0m
  Rendered saved_weathers/index.html.erb within layouts/application (2.1ms)
  Rendering shared/navbar.html.erb
  Rendered shared/navbar.html.erb (1.3ms)
Completed 200 OK in 72ms (Views: 70.5ms | ActiveRecord: 0.3ms)


Started GET "/saved_weathers" for 127.0.0.1 at 2017-11-21 14:49:22 +0200
  [1m[35m (0.2ms)[0m  [1m[34mSELECT "schema_migrations"."version" FROM "schema_migrations" ORDER BY "schema_migrations"."version" ASC[0m
  
ActiveRecord::PendingMigrationError (

Migrations are pending. To resolve this issue, run:

        bin/rails db:migrate RAILS_ENV=development

):
  
activerecord (5.1.4) lib/active_record/migration.rb:576:in `check_pending!'
activerecord (5.1.4) lib/active_record/migration.rb:553:in `call'
actionpack (5.1.4) lib/action_dispatch/middleware/callbacks.rb:26:in `block in call'
activesupport (5.1.4) lib/active_support/callbacks.rb:97:in `run_callbacks'
actionpack (5.1.4) lib/action_dispatch/middleware/callbacks.rb:24:in `call'
actionpack (5.1.4) lib/action_dispatch/middleware/executor.rb:12:in `call'
actionpack (5.1.4) lib/action_dispatch/middleware/debug_exceptions.rb:59:in `call'
web-console (3.5.1) lib/web_console/middleware.rb:135:in `call_app'
web-console (3.5.1) lib/web_console/middleware.rb:28:in `block in call'
web-console (3.5.1) lib/web_console/middleware.rb:18:in `catch'
web-console (3.5.1) lib/web_console/middleware.rb:18:in `call'
actionpack (5.1.4) lib/action_dispatch/middleware/show_exceptions.rb:31:in `call'
railties (5.1.4) lib/rails/rack/logger.rb:36:in `call_app'
railties (5.1.4) lib/rails/rack/logger.rb:24:in `block in call'
activesupport (5.1.4) lib/active_support/tagged_logging.rb:69:in `block in tagged'
activesupport (5.1.4) lib/active_support/tagged_logging.rb:26:in `tagged'
activesupport (5.1.4) lib/active_support/tagged_logging.rb:69:in `tagged'
railties (5.1.4) lib/rails/rack/logger.rb:24:in `call'
sprockets-rails (3.2.1) lib/sprockets/rails/quiet_assets.rb:13:in `call'
actionpack (5.1.4) lib/action_dispatch/middleware/remote_ip.rb:79:in `call'
actionpack (5.1.4) lib/action_dispatch/middleware/request_id.rb:25:in `call'
rack (2.0.3) lib/rack/method_override.rb:22:in `call'
rack (2.0.3) lib/rack/runtime.rb:22:in `call'
activesupport (5.1.4) lib/active_support/cache/strategy/local_cache_middleware.rb:27:in `call'
actionpack (5.1.4) lib/action_dispatch/middleware/executor.rb:12:in `call'
actionpack (5.1.4) lib/action_dispatch/middleware/static.rb:125:in `call'
rack (2.0.3) lib/rack/sendfile.rb:111:in `call'
railties (5.1.4) lib/rails/engine.rb:522:in `call'
puma (3.10.0) lib/puma/configuration.rb:225:in `call'
puma (3.10.0) lib/puma/server.rb:605:in `handle_request'
puma (3.10.0) lib/puma/server.rb:437:in `process_client'
puma (3.10.0) lib/puma/server.rb:301:in `block in run'
puma (3.10.0) lib/puma/thread_pool.rb:120:in `block in spawn_thread'
Started GET "/saved_weathers" for 127.0.0.1 at 2017-11-21 14:52:15 +0200
  [1m[35m (0.3ms)[0m  [1m[34mSELECT "schema_migrations"."version" FROM "schema_migrations" ORDER BY "schema_migrations"."version" ASC[0m
Processing by SavedWeathersController#index as HTML
  Rendering saved_weathers/index.html.erb within layouts/application
  [1m[36mSavedWeather Load (0.3ms)[0m  [1m[34mSELECT "saved_weathers".* FROM "saved_weathers"[0m
  Rendered saved_weathers/index.html.erb within layouts/application (3.9ms)
  Rendering shared/navbar.html.erb
  Rendered shared/navbar.html.erb (5.7ms)
Completed 200 OK in 369ms (Views: 352.1ms | ActiveRecord: 0.6ms)


Started GET "/" for 127.0.0.1 at 2017-11-21 14:52:25 +0200
Processing by SavedWeathersController#index as HTML
  Rendering saved_weathers/index.html.erb within layouts/application
  [1m[36mSavedWeather Load (0.3ms)[0m  [1m[34mSELECT "saved_weathers".* FROM "saved_weathers"[0m
  Rendered saved_weathers/index.html.erb within layouts/application (3.1ms)
  Rendering shared/navbar.html.erb
  Rendered shared/navbar.html.erb (1.6ms)
Completed 200 OK in 101ms (Views: 99.6ms | ActiveRecord: 0.3ms)


Started GET "/" for 127.0.0.1 at 2017-11-21 14:52:50 +0200
Processing by SavedWeathersController#index as HTML
  Rendering saved_weathers/index.html.erb within layouts/application
  [1m[36mSavedWeather Load (0.2ms)[0m  [1m[34mSELECT "saved_weathers".* FROM "saved_weathers"[0m
  Rendered saved_weathers/index.html.erb within layouts/application (3.1ms)
  Rendering shared/navbar.html.erb
  Rendered shared/navbar.html.erb (1.2ms)
Completed 200 OK in 136ms (Views: 132.9ms | ActiveRecord: 0.2ms)


Started GET "/saved_weathers/new" for 127.0.0.1 at 2017-11-21 14:59:38 +0200
Processing by SavedWeathersController#new as HTML
  Rendering saved_weathers/new.html.erb within layouts/application
  Rendered saved_weathers/_form.html.erb (21.7ms)
  Rendered saved_weathers/new.html.erb within layouts/application (23.0ms)
  Rendering shared/navbar.html.erb
  Rendered shared/navbar.html.erb (1.2ms)
Completed 200 OK in 112ms (Views: 90.5ms | ActiveRecord: 1.4ms)


Started POST "/saved_weathers" for 127.0.0.1 at 2017-11-21 14:59:44 +0200
Processing by SavedWeathersController#create as HTML
  Parameters: {"utf8"=>"✓", "authenticity_token"=>"BHik66Ugb1oYytxCasvGr4B7ndwOPDI4pxGOTUPQyC7FHVs+QE5IFItCc+tsmBLHEj45NVscnHS3AS+XkOFYfw==", "saved_weather"=>{"search_city"=>"kiev"}, "commit"=>"Create Saved weather"}
  [1m[35m (0.1ms)[0m  [1m[36mbegin transaction[0m
  [1m[35mSQL (1.5ms)[0m  [1m[32mINSERT INTO "saved_weathers" ("created_at", "updated_at") VALUES (?, ?)[0m  [["created_at", "2017-11-21 12:59:44.905586"], ["updated_at", "2017-11-21 12:59:44.905586"]]
  [1m[35m (110.5ms)[0m  [1m[36mcommit transaction[0m
Redirected to http://localhost:3000/saved_weathers/2
Completed 302 Found in 120ms (ActiveRecord: 112.1ms)


Started GET "/saved_weathers/2" for 127.0.0.1 at 2017-11-21 14:59:45 +0200
Processing by SavedWeathersController#show as HTML
  Parameters: {"id"=>"2"}
  [1m[36mSavedWeather Load (0.4ms)[0m  [1m[34mSELECT  "saved_weathers".* FROM "saved_weathers" WHERE "saved_weathers"."id" = ? LIMIT ?[0m  [["id", 2], ["LIMIT", 1]]
  Rendering saved_weathers/show.html.erb within layouts/application
  Rendered saved_weathers/show.html.erb within layouts/application (0.9ms)
  Rendering shared/navbar.html.erb
  Rendered shared/navbar.html.erb (1.3ms)
Completed 200 OK in 73ms (Views: 65.0ms | ActiveRecord: 0.4ms)


Started GET "/saved_weathers/2" for 127.0.0.1 at 2017-11-21 15:00:23 +0200
Processing by SavedWeathersController#show as HTML
  Parameters: {"id"=>"2"}
  [1m[36mSavedWeather Load (0.2ms)[0m  [1m[34mSELECT  "saved_weathers".* FROM "saved_weathers" WHERE "saved_weathers"."id" = ? LIMIT ?[0m  [["id", 2], ["LIMIT", 1]]
  Rendering saved_weathers/show.html.erb within layouts/application
  Rendered saved_weathers/show.html.erb within layouts/application (1.0ms)
  Rendering shared/navbar.html.erb
  Rendered shared/navbar.html.erb (1.1ms)
Completed 200 OK in 65ms (Views: 63.4ms | ActiveRecord: 0.2ms)


Started GET "/" for 127.0.0.1 at 2017-11-21 15:00:27 +0200
Processing by SavedWeathersController#index as HTML
  Rendering saved_weathers/index.html.erb within layouts/application
  [1m[36mSavedWeather Load (0.3ms)[0m  [1m[34mSELECT "saved_weathers".* FROM "saved_weathers"[0m
  Rendered saved_weathers/index.html.erb within layouts/application (2.5ms)
  Rendering shared/navbar.html.erb
  Rendered shared/navbar.html.erb (1.3ms)
Completed 200 OK in 72ms (Views: 69.7ms | ActiveRecord: 0.3ms)


Started GET "/saved_weathers/2" for 127.0.0.1 at 2017-11-21 15:01:11 +0200
Processing by SavedWeathersController#show as HTML
  Parameters: {"id"=>"2"}
  [1m[36mSavedWeather Load (0.3ms)[0m  [1m[34mSELECT  "saved_weathers".* FROM "saved_weathers" WHERE "saved_weathers"."id" = ? LIMIT ?[0m  [["id", 2], ["LIMIT", 1]]
  Rendering saved_weathers/show.html.erb within layouts/application
  Rendered saved_weathers/show.html.erb within layouts/application (0.9ms)
  Rendering shared/navbar.html.erb
  Rendered shared/navbar.html.erb (1.3ms)
Completed 200 OK in 77ms (Views: 74.8ms | ActiveRecord: 0.3ms)


Started GET "/saved_weathers/2" for 127.0.0.1 at 2017-11-21 15:01:33 +0200
Processing by SavedWeathersController#show as HTML
  Parameters: {"id"=>"2"}
  [1m[36mSavedWeather Load (0.1ms)[0m  [1m[34mSELECT  "saved_weathers".* FROM "saved_weathers" WHERE "saved_weathers"."id" = ? LIMIT ?[0m  [["id", 2], ["LIMIT", 1]]
  Rendering saved_weathers/show.html.erb within layouts/application
  Rendered saved_weathers/show.html.erb within layouts/application (0.8ms)
  Rendering shared/navbar.html.erb
  Rendered shared/navbar.html.erb (1.2ms)
Completed 200 OK in 64ms (Views: 62.5ms | ActiveRecord: 0.1ms)


Started GET "/saved_weathers/2" for 127.0.0.1 at 2017-11-21 15:02:12 +0200
Processing by SavedWeathersController#show as HTML
  Parameters: {"id"=>"2"}
  [1m[36mSavedWeather Load (0.2ms)[0m  [1m[34mSELECT  "saved_weathers".* FROM "saved_weathers" WHERE "saved_weathers"."id" = ? LIMIT ?[0m  [["id", 2], ["LIMIT", 1]]
  Rendering saved_weathers/show.html.erb within layouts/application
  Rendered saved_weathers/show.html.erb within layouts/application (1.0ms)
  Rendering shared/navbar.html.erb
  Rendered shared/navbar.html.erb (1.3ms)
Completed 200 OK in 66ms (Views: 64.3ms | ActiveRecord: 0.2ms)


Started GET "/saved_weathers/2/edit" for 127.0.0.1 at 2017-11-21 15:02:25 +0200
Processing by SavedWeathersController#edit as HTML
  Parameters: {"id"=>"2"}
  [1m[36mSavedWeather Load (0.2ms)[0m  [1m[34mSELECT  "saved_weathers".* FROM "saved_weathers" WHERE "saved_weathers"."id" = ? LIMIT ?[0m  [["id", 2], ["LIMIT", 1]]
  Rendering saved_weathers/edit.html.erb within layouts/application
  Rendered saved_weathers/_form.html.erb (2.5ms)
  Rendered saved_weathers/edit.html.erb within layouts/application (5.5ms)
  Rendering shared/navbar.html.erb
  Rendered shared/navbar.html.erb (1.1ms)
Completed 200 OK in 69ms (Views: 66.8ms | ActiveRecord: 0.2ms)


Started PATCH "/saved_weathers/2" for 127.0.0.1 at 2017-11-21 15:02:34 +0200
Processing by SavedWeathersController#update as HTML
  Parameters: {"utf8"=>"✓", "authenticity_token"=>"LZxcA+/YLazUk+q8zoYITCR2csd+QExvYhGcTG7+QGns+aPWCrYK4kcbRRXI1dwktjPWLitg4iNyAT2Wvc/QOA==", "saved_weather"=>{"search_city"=>"search"}, "commit"=>"Update Saved weather", "id"=>"2"}
  [1m[36mSavedWeather Load (0.2ms)[0m  [1m[34mSELECT  "saved_weathers".* FROM "saved_weathers" WHERE "saved_weathers"."id" = ? LIMIT ?[0m  [["id", 2], ["LIMIT", 1]]
  [1m[35m (0.1ms)[0m  [1m[36mbegin transaction[0m
  [1m[35mSQL (1.0ms)[0m  [1m[33mUPDATE "saved_weathers" SET "search_city" = ?, "updated_at" = ? WHERE "saved_weathers"."id" = ?[0m  [["search_city", "search"], ["updated_at", "2017-11-21 13:02:34.809454"], ["id", 2]]
  [1m[35m (137.1ms)[0m  [1m[36mcommit transaction[0m
Redirected to http://localhost:3000/saved_weathers/2
Completed 302 Found in 145ms (ActiveRecord: 138.4ms)


Started GET "/saved_weathers/2" for 127.0.0.1 at 2017-11-21 15:02:34 +0200
Processing by SavedWeathersController#show as HTML
  Parameters: {"id"=>"2"}
  [1m[36mSavedWeather Load (0.2ms)[0m  [1m[34mSELECT  "saved_weathers".* FROM "saved_weathers" WHERE "saved_weathers"."id" = ? LIMIT ?[0m  [["id", 2], ["LIMIT", 1]]
  Rendering saved_weathers/show.html.erb within layouts/application
  Rendered saved_weathers/show.html.erb within layouts/application (1.7ms)
  Rendering shared/navbar.html.erb
  Rendered shared/navbar.html.erb (1.2ms)
Completed 200 OK in 68ms (Views: 64.3ms | ActiveRecord: 0.2ms)


Started GET "/saved_weathers" for 127.0.0.1 at 2017-11-21 15:02:46 +0200
Processing by SavedWeathersController#index as HTML
  Rendering saved_weathers/index.html.erb within layouts/application
  [1m[36mSavedWeather Load (0.2ms)[0m  [1m[34mSELECT "saved_weathers".* FROM "saved_weathers"[0m
  Rendered saved_weathers/index.html.erb within layouts/application (5.0ms)
  Rendering shared/navbar.html.erb
  Rendered shared/navbar.html.erb (1.1ms)
Completed 200 OK in 78ms (Views: 76.6ms | ActiveRecord: 0.2ms)


Started GET "/saved_weathers/new" for 127.0.0.1 at 2017-11-21 15:02:49 +0200
Processing by SavedWeathersController#new as HTML
  Rendering saved_weathers/new.html.erb within layouts/application
  Rendered saved_weathers/_form.html.erb (2.4ms)
  Rendered saved_weathers/new.html.erb within layouts/application (4.4ms)
  Rendering shared/navbar.html.erb
  Rendered shared/navbar.html.erb (1.1ms)
Completed 200 OK in 79ms (Views: 76.7ms | ActiveRecord: 0.0ms)


Started POST "/saved_weathers" for 127.0.0.1 at 2017-11-21 15:02:54 +0200
Processing by SavedWeathersController#create as HTML
  Parameters: {"utf8"=>"✓", "authenticity_token"=>"iJhAZc8V2qU6kFuJ6y06mozGo3ghSPe1n4V6ZvKcKq9J/b+wKnv966kY9CDtfu7yHoMHkXRoWfmPldu8Ia26/g==", "saved_weather"=>{"search_city"=>"kiev"}, "commit"=>"Create Saved weather"}
  [1m[35m (0.1ms)[0m  [1m[36mbegin transaction[0m
  [1m[35mSQL (2.0ms)[0m  [1m[32mINSERT INTO "saved_weathers" ("created_at", "updated_at") VALUES (?, ?)[0m  [["created_at", "2017-11-21 13:02:54.072529"], ["updated_at", "2017-11-21 13:02:54.072529"]]
  [1m[35m (180.5ms)[0m  [1m[36mcommit transaction[0m
Redirected to http://localhost:3000/saved_weathers/3
Completed 302 Found in 187ms (ActiveRecord: 182.6ms)


Started GET "/saved_weathers/3" for 127.0.0.1 at 2017-11-21 15:02:54 +0200
Processing by SavedWeathersController#show as HTML
  Parameters: {"id"=>"3"}
  [1m[36mSavedWeather Load (0.2ms)[0m  [1m[34mSELECT  "saved_weathers".* FROM "saved_weathers" WHERE "saved_weathers"."id" = ? LIMIT ?[0m  [["id", 3], ["LIMIT", 1]]
  Rendering saved_weathers/show.html.erb within layouts/application
  Rendered saved_weathers/show.html.erb within layouts/application (0.9ms)
  Rendering shared/navbar.html.erb
  Rendered shared/navbar.html.erb (1.1ms)
Completed 200 OK in 64ms (Views: 61.8ms | ActiveRecord: 0.2ms)


Started GET "/" for 127.0.0.1 at 2017-11-21 15:02:59 +0200
Processing by SavedWeathersController#index as HTML
  Rendering saved_weathers/index.html.erb within layouts/application
  [1m[36mSavedWeather Load (0.3ms)[0m  [1m[34mSELECT "saved_weathers".* FROM "saved_weathers"[0m
  Rendered saved_weathers/index.html.erb within layouts/application (2.7ms)
  Rendering shared/navbar.html.erb
  Rendered shared/navbar.html.erb (1.4ms)
Completed 200 OK in 70ms (Views: 68.9ms | ActiveRecord: 0.3ms)


Started GET "/" for 127.0.0.1 at 2017-11-21 15:04:17 +0200
Processing by SavedWeathersController#index as HTML
  Rendering saved_weathers/index.html.erb within layouts/application
  [1m[36mSavedWeather Load (0.3ms)[0m  [1m[34mSELECT "saved_weathers".* FROM "saved_weathers"[0m
  Rendered saved_weathers/index.html.erb within layouts/application (2.7ms)
  Rendering shared/navbar.html.erb
  Rendered shared/navbar.html.erb (1.3ms)
Completed 200 OK in 73ms (Views: 71.3ms | ActiveRecord: 0.3ms)


Started DELETE "/saved_weathers/3" for 127.0.0.1 at 2017-11-21 15:04:20 +0200
Processing by SavedWeathersController#destroy as HTML
  Parameters: {"authenticity_token"=>"gKN8Zmz9p5up3I60ZtXkNS/NdYNmZk53y2fIv6pj14RBxoOziZOA1TpUIR1ghjBdvYjRajNG4Dvbd2lleVJH1Q==", "id"=>"3"}
  [1m[36mSavedWeather Load (0.2ms)[0m  [1m[34mSELECT  "saved_weathers".* FROM "saved_weathers" WHERE "saved_weathers"."id" = ? LIMIT ?[0m  [["id", 3], ["LIMIT", 1]]
  [1m[35m (0.1ms)[0m  [1m[36mbegin transaction[0m
  [1m[35mSQL (1.0ms)[0m  [1m[31mDELETE FROM "saved_weathers" WHERE "saved_weathers"."id" = ?[0m  [["id", 3]]
  [1m[35m (73.5ms)[0m  [1m[36mcommit transaction[0m
Redirected to http://localhost:3000/saved_weathers
Completed 302 Found in 83ms (ActiveRecord: 74.7ms)


Started GET "/saved_weathers" for 127.0.0.1 at 2017-11-21 15:04:20 +0200
Processing by SavedWeathersController#index as HTML
  Rendering saved_weathers/index.html.erb within layouts/application
  [1m[36mSavedWeather Load (0.3ms)[0m  [1m[34mSELECT "saved_weathers".* FROM "saved_weathers"[0m
  Rendered saved_weathers/index.html.erb within layouts/application (2.8ms)
  Rendering shared/navbar.html.erb
  Rendered shared/navbar.html.erb (1.1ms)
Completed 200 OK in 71ms (Views: 69.1ms | ActiveRecord: 0.3ms)


Started GET "/saved_weathers/new" for 127.0.0.1 at 2017-11-21 15:04:22 +0200
Processing by SavedWeathersController#new as HTML
  Rendering saved_weathers/new.html.erb within layouts/application
  Rendered saved_weathers/_form.html.erb (4.8ms)
  Rendered saved_weathers/new.html.erb within layouts/application (7.1ms)
  Rendering shared/navbar.html.erb
  Rendered shared/navbar.html.erb (1.2ms)
Completed 200 OK in 78ms (Views: 76.5ms | ActiveRecord: 0.0ms)


Started POST "/saved_weathers" for 127.0.0.1 at 2017-11-21 15:04:24 +0200
Processing by SavedWeathersController#create as HTML
  Parameters: {"utf8"=>"✓", "authenticity_token"=>"liwfMGMTXGgksX/O7LbmVxcGldxjARYSxW2BhyPwCZpXSeDlhn17Jrc50Gfq5TI/hUMxNTYhuF7VfSBd8MGZyw==", "saved_weather"=>{"search_city"=>"kiev"}, "commit"=>"Create Saved weather"}
  [1m[35m (0.1ms)[0m  [1m[36mbegin transaction[0m
  [1m[35mSQL (6.9ms)[0m  [1m[32mINSERT INTO "saved_weathers" ("created_at", "updated_at") VALUES (?, ?)[0m  [["created_at", "2017-11-21 13:04:24.899536"], ["updated_at", "2017-11-21 13:04:24.899536"]]
  [1m[35m (97.0ms)[0m  [1m[36mcommit transaction[0m
Redirected to http://localhost:3000/saved_weathers/4
Completed 302 Found in 109ms (ActiveRecord: 104.1ms)


Started GET "/saved_weathers/4" for 127.0.0.1 at 2017-11-21 15:04:25 +0200
Processing by SavedWeathersController#show as HTML
  Parameters: {"id"=>"4"}
  [1m[36mSavedWeather Load (0.2ms)[0m  [1m[34mSELECT  "saved_weathers".* FROM "saved_weathers" WHERE "saved_weathers"."id" = ? LIMIT ?[0m  [["id", 4], ["LIMIT", 1]]
  Rendering saved_weathers/show.html.erb within layouts/application
  Rendered saved_weathers/show.html.erb within layouts/application (0.9ms)
  Rendering shared/navbar.html.erb
  Rendered shared/navbar.html.erb (1.1ms)
Completed 200 OK in 65ms (Views: 62.7ms | ActiveRecord: 0.2ms)


Started GET "/saved_weathers/4/edit" for 127.0.0.1 at 2017-11-21 15:04:43 +0200
Processing by SavedWeathersController#edit as HTML
  Parameters: {"id"=>"4"}
  [1m[36mSavedWeather Load (0.2ms)[0m  [1m[34mSELECT  "saved_weathers".* FROM "saved_weathers" WHERE "saved_weathers"."id" = ? LIMIT ?[0m  [["id", 4], ["LIMIT", 1]]
  Rendering saved_weathers/edit.html.erb within layouts/application
  Rendered saved_weathers/_form.html.erb (4.2ms)
  Rendered saved_weathers/edit.html.erb within layouts/application (8.7ms)
  Rendering shared/navbar.html.erb
  Rendered shared/navbar.html.erb (1.3ms)
Completed 200 OK in 90ms (Views: 87.4ms | ActiveRecord: 0.2ms)


Started PATCH "/saved_weathers/4" for 127.0.0.1 at 2017-11-21 15:04:46 +0200
Processing by SavedWeathersController#update as HTML
  Parameters: {"utf8"=>"✓", "authenticity_token"=>"dQD1yCQ2afkVFLkPqgE0QawZ0PkRHJQH0zDatCi4aci0ZQodwVhOt4acFqasUuApPlx0EEQ8OkvDIHtu+4n5mQ==", "saved_weather"=>{"search_city"=>"kiev"}, "commit"=>"Update Saved weather", "id"=>"4"}
  [1m[36mSavedWeather Load (0.2ms)[0m  [1m[34mSELECT  "saved_weathers".* FROM "saved_weathers" WHERE "saved_weathers"."id" = ? LIMIT ?[0m  [["id", 4], ["LIMIT", 1]]
  [1m[35m (0.1ms)[0m  [1m[36mbegin transaction[0m
  [1m[35mSQL (3.1ms)[0m  [1m[33mUPDATE "saved_weathers" SET "search_city" = ?, "updated_at" = ? WHERE "saved_weathers"."id" = ?[0m  [["search_city", "kiev"], ["updated_at", "2017-11-21 13:04:46.414772"], ["id", 4]]
  [1m[35m (197.5ms)[0m  [1m[36mcommit transaction[0m
Redirected to http://localhost:3000/saved_weathers/4
Completed 302 Found in 207ms (ActiveRecord: 200.9ms)


Started GET "/saved_weathers/4" for 127.0.0.1 at 2017-11-21 15:04:46 +0200
Processing by SavedWeathersController#show as HTML
  Parameters: {"id"=>"4"}
  [1m[36mSavedWeather Load (0.2ms)[0m  [1m[34mSELECT  "saved_weathers".* FROM "saved_weathers" WHERE "saved_weathers"."id" = ? LIMIT ?[0m  [["id", 4], ["LIMIT", 1]]
  Rendering saved_weathers/show.html.erb within layouts/application
  Rendered saved_weathers/show.html.erb within layouts/application (0.8ms)
  Rendering shared/navbar.html.erb
  Rendered shared/navbar.html.erb (1.2ms)
Completed 200 OK in 63ms (Views: 60.3ms | ActiveRecord: 0.2ms)


Started GET "/" for 127.0.0.1 at 2017-11-21 15:04:49 +0200
Processing by SavedWeathersController#index as HTML
  Rendering saved_weathers/index.html.erb within layouts/application
  [1m[36mSavedWeather Load (0.3ms)[0m  [1m[34mSELECT "saved_weathers".* FROM "saved_weathers"[0m
  Rendered saved_weathers/index.html.erb within layouts/application (3.1ms)
  Rendering shared/navbar.html.erb
  Rendered shared/navbar.html.erb (1.3ms)
Completed 200 OK in 67ms (Views: 65.2ms | ActiveRecord: 0.3ms)


Started GET "/saved_weathers/new" for 127.0.0.1 at 2017-11-21 15:05:07 +0200
Processing by SavedWeathersController#new as HTML
  Rendering saved_weathers/new.html.erb within layouts/application
  Rendered saved_weathers/_form.html.erb (2.9ms)
  Rendered saved_weathers/new.html.erb within layouts/application (4.2ms)
  Rendering shared/navbar.html.erb
  Rendered shared/navbar.html.erb (1.4ms)
Completed 200 OK in 95ms (Views: 72.6ms | ActiveRecord: 1.6ms)


Started POST "/saved_weathers" for 127.0.0.1 at 2017-11-21 15:05:10 +0200
Processing by SavedWeathersController#create as HTML
  Parameters: {"utf8"=>"✓", "authenticity_token"=>"XnuHEfzlr5dr6MazvPzt48mnC8p5cCA+IPXKT390tdufHnjEGYuI2fhgaRq6rzmLW+KvIyxQjnIw5WuVrEUlig==", "saved_weather"=>{"search_city"=>"kiev"}, "commit"=>"Create Saved weather"}
  [1m[35m (0.1ms)[0m  [1m[36mbegin transaction[0m
  [1m[35mSQL (1.1ms)[0m  [1m[32mINSERT INTO "saved_weathers" ("created_at", "updated_at") VALUES (?, ?)[0m  [["created_at", "2017-11-21 13:05:10.319447"], ["updated_at", "2017-11-21 13:05:10.319447"]]
  [1m[35m (158.0ms)[0m  [1m[36mcommit transaction[0m
Redirected to http://localhost:3000/saved_weathers/5
Completed 302 Found in 164ms (ActiveRecord: 159.3ms)


Started GET "/saved_weathers/5" for 127.0.0.1 at 2017-11-21 15:05:10 +0200
Processing by SavedWeathersController#show as HTML
  Parameters: {"id"=>"5"}
  [1m[36mSavedWeather Load (0.3ms)[0m  [1m[34mSELECT  "saved_weathers".* FROM "saved_weathers" WHERE "saved_weathers"."id" = ? LIMIT ?[0m  [["id", 5], ["LIMIT", 1]]
  Rendering saved_weathers/show.html.erb within layouts/application
  Rendered saved_weathers/show.html.erb within layouts/application (1.0ms)
  Rendering shared/navbar.html.erb
  Rendered shared/navbar.html.erb (2.3ms)
Completed 200 OK in 80ms (Views: 73.6ms | ActiveRecord: 0.3ms)


Started GET "/" for 127.0.0.1 at 2017-11-21 15:05:43 +0200
Processing by SavedWeathersController#index as HTML
  Rendering saved_weathers/index.html.erb within layouts/application
  [1m[36mSavedWeather Load (0.2ms)[0m  [1m[34mSELECT "saved_weathers".* FROM "saved_weathers"[0m
  Rendered saved_weathers/index.html.erb within layouts/application (19.4ms)
  Rendering shared/navbar.html.erb
  Rendered shared/navbar.html.erb (1.3ms)
Completed 200 OK in 88ms (Views: 82.3ms | ActiveRecord: 1.7ms)


Started DELETE "/saved_weathers/5" for 127.0.0.1 at 2017-11-21 15:05:48 +0200
Processing by SavedWeathersController#destroy as HTML
  Parameters: {"authenticity_token"=>"tuo5jnHjzsoliTVn1YLOEYMBUgPIfKgN+k4whh1ETxB3j8ZblI3phLYBms7T0Rp5EUT26p1cBkHqXpFcznXfQQ==", "id"=>"5"}
  [1m[36mSavedWeather Load (0.3ms)[0m  [1m[34mSELECT  "saved_weathers".* FROM "saved_weathers" WHERE "saved_weathers"."id" = ? LIMIT ?[0m  [["id", 5], ["LIMIT", 1]]
  [1m[35m (0.1ms)[0m  [1m[36mbegin transaction[0m
  [1m[35mSQL (4.3ms)[0m  [1m[31mDELETE FROM "saved_weathers" WHERE "saved_weathers"."id" = ?[0m  [["id", 5]]
  [1m[35m (65.0ms)[0m  [1m[36mcommit transaction[0m
Redirected to http://localhost:3000/saved_weathers
Completed 302 Found in 87ms (ActiveRecord: 69.7ms)


Started GET "/saved_weathers" for 127.0.0.1 at 2017-11-21 15:05:48 +0200
Processing by SavedWeathersController#index as HTML
  Rendering saved_weathers/index.html.erb within layouts/application
  [1m[36mSavedWeather Load (0.8ms)[0m  [1m[34mSELECT "saved_weathers".* FROM "saved_weathers"[0m
  Rendered saved_weathers/index.html.erb within layouts/application (6.3ms)
  Rendering shared/navbar.html.erb
  Rendered shared/navbar.html.erb (1.1ms)
Completed 200 OK in 74ms (Views: 70.6ms | ActiveRecord: 0.8ms)


Started GET "/saved_weathers/new" for 127.0.0.1 at 2017-11-21 15:05:49 +0200
Processing by SavedWeathersController#new as HTML
  Rendering saved_weathers/new.html.erb within layouts/application
  Rendered saved_weathers/_form.html.erb (2.9ms)
  Rendered saved_weathers/new.html.erb within layouts/application (4.5ms)
  Rendering shared/navbar.html.erb
  Rendered shared/navbar.html.erb (1.2ms)
Completed 200 OK in 75ms (Views: 73.8ms | ActiveRecord: 0.0ms)


Started POST "/saved_weathers" for 127.0.0.1 at 2017-11-21 15:05:52 +0200
Processing by SavedWeathersController#create as HTML
  Parameters: {"utf8"=>"✓", "authenticity_token"=>"YqVE+EvrjdF9uVvhwv3rO2B+bt09Zaf2tw/1bAAHN+CjwLstroWqn+4x9EjErj9T8jvKNGhFCbqnH1S20zansQ==", "saved_weather"=>{"search_city"=>"kiev"}, "commit"=>"Create Saved weather"}
  [1m[35m (0.1ms)[0m  [1m[36mbegin transaction[0m
  [1m[35mSQL (1.0ms)[0m  [1m[32mINSERT INTO "saved_weathers" ("search_city", "created_at", "updated_at") VALUES (?, ?, ?)[0m  [["search_city", "kiev"], ["created_at", "2017-11-21 13:05:52.368762"], ["updated_at", "2017-11-21 13:05:52.368762"]]
  [1m[35m (164.2ms)[0m  [1m[36mcommit transaction[0m
Redirected to http://localhost:3000/saved_weathers/6
Completed 302 Found in 174ms (ActiveRecord: 165.2ms)


Started GET "/saved_weathers/6" for 127.0.0.1 at 2017-11-21 15:05:52 +0200
Processing by SavedWeathersController#show as HTML
  Parameters: {"id"=>"6"}
  [1m[36mSavedWeather Load (0.2ms)[0m  [1m[34mSELECT  "saved_weathers".* FROM "saved_weathers" WHERE "saved_weathers"."id" = ? LIMIT ?[0m  [["id", 6], ["LIMIT", 1]]
  Rendering saved_weathers/show.html.erb within layouts/application
  Rendered saved_weathers/show.html.erb within layouts/application (0.8ms)
  Rendering shared/navbar.html.erb
  Rendered shared/navbar.html.erb (1.4ms)
Completed 200 OK in 68ms (Views: 65.4ms | ActiveRecord: 0.2ms)


Started GET "/" for 127.0.0.1 at 2017-11-21 15:19:07 +0200
  [1m[35m (0.2ms)[0m  [1m[34mSELECT "schema_migrations"."version" FROM "schema_migrations" ORDER BY "schema_migrations"."version" ASC[0m
Processing by SavedWeathersController#index as HTML
Completed 500 Internal Server Error in 13ms (ActiveRecord: 0.0ms)


  
NoMethodError (undefined method `[]' for nil:NilClass):
  
app/controllers/saved_weathers_controller.rb:7:in `index'
Started GET "/" for 127.0.0.1 at 2017-11-21 15:52:19 +0200
  [1m[35m (0.3ms)[0m  [1m[34mSELECT "schema_migrations"."version" FROM "schema_migrations" ORDER BY "schema_migrations"."version" ASC[0m
Processing by SavedWeathersController#index as HTML
Started GET "/" for 127.0.0.1 at 2017-11-21 15:53:27 +0200
Completed 500 Internal Server Error in 76272ms (ActiveRecord: 0.0ms)


  
NoMethodError (undefined method `[]' for nil:NilClass):
  
app/controllers/saved_weathers_controller.rb:8:in `index'
Processing by SavedWeathersController#index as HTML
  Rendering saved_weathers/index.html.erb within layouts/application
  Rendered saved_weathers/index.html.erb within layouts/application (1.5ms)
Completed 500 Internal Server Error in 22329ms


  
SyntaxError (/home/wolf/moc/app/views/saved_weathers/index.html.erb:38: syntax error, unexpected keyword_ensure, expecting keyword_end
          ensure
                ^):
  
app/views/saved_weathers/index.html.erb:38: syntax error, unexpected keyword_ensure, expecting keyword_end
Started GET "/" for 127.0.0.1 at 2017-11-21 15:54:26 +0200
Processing by SavedWeathersController#index as HTML
  Rendering saved_weathers/index.html.erb within layouts/application
  Rendered saved_weathers/index.html.erb within layouts/application (1.0ms)
Completed 500 Internal Server Error in 8ms


  
SyntaxError (/home/wolf/moc/app/views/saved_weathers/index.html.erb:38: syntax error, unexpected keyword_ensure, expecting keyword_end
          ensure
                ^):
  
app/views/saved_weathers/index.html.erb:38: syntax error, unexpected keyword_ensure, expecting keyword_end
Started GET "/" for 127.0.0.1 at 2017-11-21 15:54:45 +0200
Processing by SavedWeathersController#index as HTML
  Rendering saved_weathers/index.html.erb within layouts/application
  Rendered saved_weathers/index.html.erb within layouts/application (2.1ms)
Completed 500 Internal Server Error in 6ms


  
ActionView::Template::Error (First argument in form cannot contain nil or be empty):
    1: <p id="notice"><%= notice %></p>
    2: 
    3: <div class="field">
    4:   <%= form_for @thing do |f| %>
    5:   <%= f.text_field_tag :randomInput %>
    6:   <%#= form.label :search_city %>
    7:   <%#= form.text_field :search_city %>
  
app/views/saved_weathers/index.html.erb:4:in `_app_views_saved_weathers_index_html_erb__3732728977336191660_35764180'
Started GET "/" for 127.0.0.1 at 2017-11-21 15:56:34 +0200
Processing by SavedWeathersController#index as HTML
  Rendering saved_weathers/index.html.erb within layouts/application
  [1m[36mSavedWeather Load (0.3ms)[0m  [1m[34mSELECT  "saved_weathers".* FROM "saved_weathers" LIMIT ?[0m  [["LIMIT", 11]]
  [1m[36mCACHE SavedWeather Load (0.0ms)[0m  [1m[34mSELECT  "saved_weathers".* FROM "saved_weathers" LIMIT ?[0m  [["LIMIT", 11]]
  [1m[36mCACHE SavedWeather Load (0.0ms)[0m  [1m[34mSELECT  "saved_weathers".* FROM "saved_weathers" LIMIT ?[0m  [["LIMIT", 11]]
  [1m[36mCACHE SavedWeather Load (0.0ms)[0m  [1m[34mSELECT  "saved_weathers".* FROM "saved_weathers" LIMIT ?[0m  [["LIMIT", 11]]
  Rendered saved_weathers/index.html.erb within layouts/application (648.5ms)
Completed 500 Internal Server Error in 652ms (ActiveRecord: 12.8ms)


  
ActionView::Template::Error (undefined method `text_field_tag' for #<ActionView::Helpers::FormBuilder:0x00000003cbc5c0>
Did you mean?  text_field):
    2: 
    3: <div class="field">
    4:   <%= form_for :thing do |f| %>
    5:   <%= f.text_field_tag :search_city %>
    6:   <%= f.submit %>
    7:   <% end %>
    8: </div>
  
app/views/saved_weathers/index.html.erb:5:in `block in _app_views_saved_weathers_index_html_erb__3732728977336191660_31996740'
app/views/saved_weathers/index.html.erb:4:in `_app_views_saved_weathers_index_html_erb__3732728977336191660_31996740'
Started GET "/" for 127.0.0.1 at 2017-11-21 15:56:56 +0200
Processing by SavedWeathersController#index as HTML
  Rendering saved_weathers/index.html.erb within layouts/application
  [1m[36mSavedWeather Load (0.3ms)[0m  [1m[34mSELECT "saved_weathers".* FROM "saved_weathers"[0m
  Rendered saved_weathers/index.html.erb within layouts/application (252.7ms)
  Rendering shared/navbar.html.erb
  Rendered shared/navbar.html.erb (5.8ms)
Completed 200 OK in 1226ms (Views: 1224.1ms | ActiveRecord: 0.3ms)


Started GET "/" for 127.0.0.1 at 2017-11-21 15:58:38 +0200
Processing by SavedWeathersController#index as HTML
  Rendering saved_weathers/index.html.erb within layouts/application
  [1m[36mSavedWeather Load (0.2ms)[0m  [1m[34mSELECT "saved_weathers".* FROM "saved_weathers"[0m
  Rendered saved_weathers/index.html.erb within layouts/application (21.7ms)
  Rendering shared/navbar.html.erb
  Rendered shared/navbar.html.erb (1.5ms)
Completed 200 OK in 20051ms (Views: 84.1ms | ActiveRecord: 2.3ms)


Started POST "/" for 127.0.0.1 at 2017-11-21 16:00:11 +0200
  
ActionController::RoutingError (No route matches [POST] "/"):
  
actionpack (5.1.4) lib/action_dispatch/middleware/debug_exceptions.rb:63:in `call'
web-console (3.5.1) lib/web_console/middleware.rb:135:in `call_app'
web-console (3.5.1) lib/web_console/middleware.rb:28:in `block in call'
web-console (3.5.1) lib/web_console/middleware.rb:18:in `catch'
web-console (3.5.1) lib/web_console/middleware.rb:18:in `call'
actionpack (5.1.4) lib/action_dispatch/middleware/show_exceptions.rb:31:in `call'
railties (5.1.4) lib/rails/rack/logger.rb:36:in `call_app'
railties (5.1.4) lib/rails/rack/logger.rb:24:in `block in call'
activesupport (5.1.4) lib/active_support/tagged_logging.rb:69:in `block in tagged'
activesupport (5.1.4) lib/active_support/tagged_logging.rb:26:in `tagged'
activesupport (5.1.4) lib/active_support/tagged_logging.rb:69:in `tagged'
railties (5.1.4) lib/rails/rack/logger.rb:24:in `call'
sprockets-rails (3.2.1) lib/sprockets/rails/quiet_assets.rb:13:in `call'
actionpack (5.1.4) lib/action_dispatch/middleware/remote_ip.rb:79:in `call'
actionpack (5.1.4) lib/action_dispatch/middleware/request_id.rb:25:in `call'
rack (2.0.3) lib/rack/method_override.rb:22:in `call'
rack (2.0.3) lib/rack/runtime.rb:22:in `call'
activesupport (5.1.4) lib/active_support/cache/strategy/local_cache_middleware.rb:27:in `call'
actionpack (5.1.4) lib/action_dispatch/middleware/executor.rb:12:in `call'
actionpack (5.1.4) lib/action_dispatch/middleware/static.rb:125:in `call'
rack (2.0.3) lib/rack/sendfile.rb:111:in `call'
railties (5.1.4) lib/rails/engine.rb:522:in `call'
puma (3.10.0) lib/puma/configuration.rb:225:in `call'
puma (3.10.0) lib/puma/server.rb:605:in `handle_request'
puma (3.10.0) lib/puma/server.rb:437:in `process_client'
puma (3.10.0) lib/puma/server.rb:301:in `block in run'
puma (3.10.0) lib/puma/thread_pool.rb:120:in `block in spawn_thread'
Started GET "/" for 127.0.0.1 at 2017-11-21 16:01:09 +0200
Processing by SavedWeathersController#index as HTML
  Rendering saved_weathers/index.html.erb within layouts/application
  [1m[36mSavedWeather Load (1.6ms)[0m  [1m[34mSELECT "saved_weathers".* FROM "saved_weathers"[0m
  Rendered saved_weathers/index.html.erb within layouts/application (5.5ms)
  Rendering shared/navbar.html.erb
  Rendered shared/navbar.html.erb (1.2ms)
Completed 200 OK in 30933ms (Views: 72.1ms | ActiveRecord: 1.6ms)


Started GET "/?utf8=%E2%9C%93&thing%5Bsearch_city%5D=hui&commit=Save+Thing" for 127.0.0.1 at 2017-11-21 16:01:53 +0200
Processing by SavedWeathersController#index as HTML
  Parameters: {"utf8"=>"✓", "thing"=>{"search_city"=>"hui"}, "commit"=>"Save Thing"}
Started GET "/" for 127.0.0.1 at 2017-11-21 20:30:40 +0200
  Rendering saved_weathers/index.html.erb within layouts/application
  [1m[36mSavedWeather Load (0.8ms)[0m  [1m[34mSELECT "saved_weathers".* FROM "saved_weathers"[0m
  Rendered saved_weathers/index.html.erb within layouts/application (6.3ms)
  Rendering shared/navbar.html.erb
  Rendered shared/navbar.html.erb (1.2ms)
Completed 200 OK in 16140037ms (Views: 117.6ms | ActiveRecord: 0.8ms)


Processing by SavedWeathersController#index as HTML
  Rendering saved_weathers/index.html.erb within layouts/application
  Rendered saved_weathers/index.html.erb within layouts/application (3.6ms)
Completed 500 Internal Server Error in 3602ms


  
ActionView::Template::Error (undefined method `each' for nil:NilClass):
    20:   </thead>
    21: 1
    22:   <tbody>
    23:     <% @saved_weathers.each do |saved_weather| %>
    24:       <tr>
    25:         <td><%= saved_weather.search_city %></td>
    26:         <td><%= link_to 'Show', saved_weather %></td>
  
app/views/saved_weathers/index.html.erb:23:in `_app_views_saved_weathers_index_html_erb__3732728977336191660_70097358501820'
Started GET "/" for 127.0.0.1 at 2017-11-21 20:31:59 +0200
Processing by SavedWeathersController#index as HTML
  Rendering saved_weathers/index.html.erb within layouts/application
  [1m[36mSavedWeather Load (0.2ms)[0m  [1m[34mSELECT "saved_weathers".* FROM "saved_weathers"[0m
  Rendered saved_weathers/index.html.erb within layouts/application (23.2ms)
  Rendering shared/navbar.html.erb
  Rendered shared/navbar.html.erb (1.4ms)
Completed 200 OK in 105ms (Views: 101.3ms | ActiveRecord: 1.7ms)


Started GET "/?utf8=%E2%9C%93&thing%5Bsearch_city%5D=kiev&commit=Save+Thing" for 127.0.0.1 at 2017-11-21 20:32:04 +0200
Processing by SavedWeathersController#index as HTML
  Parameters: {"utf8"=>"✓", "thing"=>{"search_city"=>"kiev"}, "commit"=>"Save Thing"}
Completed 500 Internal Server Error in 978ms (ActiveRecord: 0.0ms)


  
OpenURI::HTTPError (401 Unauthorized):
  
app/controllers/saved_weathers_controller.rb:12:in `index'
Started GET "/?utf8=%E2%9C%93&thing%5Bsearch_city%5D=kiev&commit=Save+Thing" for 127.0.0.1 at 2017-11-21 20:32:26 +0200
Processing by SavedWeathersController#index as HTML
  Parameters: {"utf8"=>"✓", "thing"=>{"search_city"=>"kiev"}, "commit"=>"Save Thing"}
  [1m[35m (0.1ms)[0m  [1m[36mbegin transaction[0m
  [1m[35mSQL (34.8ms)[0m  [1m[32mINSERT INTO "saved_weathers" ("yahoo_title", "yahoo_temp", "yahoo_text", "owm_min", "owm_max", "owm_cloud", "created_at", "updated_at") VALUES (?, ?, ?, ?, ?, ?, ?, ?)[0m  [["yahoo_title", "Conditions for Kyiv, Kyiv City Municipality, UA at 07:00 PM EET"], ["yahoo_temp", "0"], ["yahoo_text", "Partly Cloudy"], ["owm_min", "0"], ["owm_max", "0"], ["owm_cloud", "broken clouds"], ["created_at", "2017-11-21 18:32:26.585513"], ["updated_at", "2017-11-21 18:32:26.585513"]]
  [1m[35m (86.1ms)[0m  [1m[36mcommit transaction[0m
  Rendering saved_weathers/index.html.erb within layouts/application
  [1m[36mSavedWeather Load (0.3ms)[0m  [1m[34mSELECT "saved_weathers".* FROM "saved_weathers"[0m
  Rendered saved_weathers/index.html.erb within layouts/application (7.3ms)
  Rendering shared/navbar.html.erb
  Rendered shared/navbar.html.erb (1.1ms)
Completed 200 OK in 612ms (Views: 65.8ms | ActiveRecord: 125.2ms)


Started GET "/?utf8=%E2%9C%93&thing%5Bsearch_city%5D=che&commit=Save+Thing" for 127.0.0.1 at 2017-11-21 20:32:37 +0200
Processing by SavedWeathersController#index as HTML
  Parameters: {"utf8"=>"✓", "thing"=>{"search_city"=>"che"}, "commit"=>"Save Thing"}
Completed 500 Internal Server Error in 332ms (ActiveRecord: 0.0ms)


  
NoMethodError (undefined method `[]' for nil:NilClass):
  
app/controllers/saved_weathers_controller.rb:10:in `index'
Started GET "/?utf8=%E2%9C%93&thing%5Bsearch_city%5D=Kiev&commit=Save+Thing" for 127.0.0.1 at 2017-11-21 20:32:53 +0200
Processing by SavedWeathersController#index as HTML
  Parameters: {"utf8"=>"✓", "thing"=>{"search_city"=>"Kiev"}, "commit"=>"Save Thing"}
  [1m[35m (0.1ms)[0m  [1m[36mbegin transaction[0m
  [1m[35mSQL (1.8ms)[0m  [1m[32mINSERT INTO "saved_weathers" ("yahoo_title", "yahoo_temp", "yahoo_text", "owm_min", "owm_max", "owm_cloud", "created_at", "updated_at") VALUES (?, ?, ?, ?, ?, ?, ?, ?)[0m  [["yahoo_title", "Conditions for Kyiv, Kyiv City Municipality, UA at 07:00 PM EET"], ["yahoo_temp", "0"], ["yahoo_text", "Partly Cloudy"], ["owm_min", "0"], ["owm_max", "0"], ["owm_cloud", "broken clouds"], ["created_at", "2017-11-21 18:32:53.726129"], ["updated_at", "2017-11-21 18:32:53.726129"]]
  [1m[35m (70.2ms)[0m  [1m[36mcommit transaction[0m
  Rendering saved_weathers/index.html.erb within layouts/application
  [1m[36mSavedWeather Load (0.3ms)[0m  [1m[34mSELECT "saved_weathers".* FROM "saved_weathers"[0m
  Rendered saved_weathers/index.html.erb within layouts/application (4.1ms)
  Rendering shared/navbar.html.erb
  Rendered shared/navbar.html.erb (1.3ms)
Completed 200 OK in 542ms (Views: 81.3ms | ActiveRecord: 72.5ms)


Started GET "/?utf8=%E2%9C%93&thing%5Bsearch_city%5D=Cherkasy&commit=Save+Thing" for 127.0.0.1 at 2017-11-21 20:32:59 +0200
Processing by SavedWeathersController#index as HTML
  Parameters: {"utf8"=>"✓", "thing"=>{"search_city"=>"Cherkasy"}, "commit"=>"Save Thing"}
  [1m[35m (0.1ms)[0m  [1m[36mbegin transaction[0m
  [1m[35mSQL (1.1ms)[0m  [1m[32mINSERT INTO "saved_weathers" ("yahoo_title", "yahoo_temp", "yahoo_text", "owm_min", "owm_max", "owm_cloud", "created_at", "updated_at") VALUES (?, ?, ?, ?, ?, ?, ?, ?)[0m  [["yahoo_title", "Conditions for Cherkassy, Cherkasy Oblast, UA at 07:00 PM EET"], ["yahoo_temp", "0"], ["yahoo_text", "Mostly Cloudy"], ["owm_min", "-0.94"], ["owm_max", "-0.94"], ["owm_cloud", "broken clouds"], ["created_at", "2017-11-21 18:33:00.392096"], ["updated_at", "2017-11-21 18:33:00.392096"]]
  [1m[35m (62.4ms)[0m  [1m[36mcommit transaction[0m
  Rendering saved_weathers/index.html.erb within layouts/application
  [1m[36mSavedWeather Load (0.3ms)[0m  [1m[34mSELECT "saved_weathers".* FROM "saved_weathers"[0m
  Rendered saved_weathers/index.html.erb within layouts/application (9.6ms)
  Rendering shared/navbar.html.erb
  Rendered shared/navbar.html.erb (1.1ms)
Completed 200 OK in 563ms (Views: 88.0ms | ActiveRecord: 64.0ms)


Started DELETE "/saved_weathers/9" for 127.0.0.1 at 2017-11-21 20:33:07 +0200
Processing by SavedWeathersController#destroy as HTML
  Parameters: {"authenticity_token"=>"RmRaI9CGBytHEcmr2L0J+z5vgGQ6WbTInVeYti3MzFOHAaX2NeggZdSZZgLe7t2TrCokjW95GoSNRzls/v1cAg==", "id"=>"9"}
  [1m[36mSavedWeather Load (0.3ms)[0m  [1m[34mSELECT  "saved_weathers".* FROM "saved_weathers" WHERE "saved_weathers"."id" = ? LIMIT ?[0m  [["id", 9], ["LIMIT", 1]]
  [1m[35m (0.1ms)[0m  [1m[36mbegin transaction[0m
  [1m[35mSQL (2.7ms)[0m  [1m[31mDELETE FROM "saved_weathers" WHERE "saved_weathers"."id" = ?[0m  [["id", 9]]
  [1m[35m (83.2ms)[0m  [1m[36mcommit transaction[0m
Redirected to http://localhost:3000/saved_weathers
Completed 302 Found in 121ms (ActiveRecord: 86.3ms)


Started GET "/saved_weathers" for 127.0.0.1 at 2017-11-21 20:33:07 +0200
Processing by SavedWeathersController#index as HTML
  Rendering saved_weathers/index.html.erb within layouts/application
  [1m[36mSavedWeather Load (0.3ms)[0m  [1m[34mSELECT "saved_weathers".* FROM "saved_weathers"[0m
  Rendered saved_weathers/index.html.erb within layouts/application (6.7ms)
  Rendering shared/navbar.html.erb
  Rendered shared/navbar.html.erb (1.1ms)
Completed 200 OK in 73ms (Views: 71.0ms | ActiveRecord: 0.3ms)


Started DELETE "/saved_weathers/8" for 127.0.0.1 at 2017-11-21 20:33:11 +0200
Processing by SavedWeathersController#destroy as HTML
  Parameters: {"authenticity_token"=>"k3QGCQxyQNB16wTULi2Ni6u1mGKJsIELpxHLcW+VLKtSEfnc6RxnnuZjq30oflnjOfA8i9yQL0e3AWqrvKS8+g==", "id"=>"8"}
  [1m[36mSavedWeather Load (0.2ms)[0m  [1m[34mSELECT  "saved_weathers".* FROM "saved_weathers" WHERE "saved_weathers"."id" = ? LIMIT ?[0m  [["id", 8], ["LIMIT", 1]]
  [1m[35m (0.1ms)[0m  [1m[36mbegin transaction[0m
  [1m[35mSQL (1.4ms)[0m  [1m[31mDELETE FROM "saved_weathers" WHERE "saved_weathers"."id" = ?[0m  [["id", 8]]
  [1m[35m (312.9ms)[0m  [1m[36mcommit transaction[0m
Redirected to http://localhost:3000/saved_weathers
Completed 302 Found in 317ms (ActiveRecord: 314.5ms)


Started GET "/saved_weathers" for 127.0.0.1 at 2017-11-21 20:33:11 +0200
Processing by SavedWeathersController#index as HTML
  Rendering saved_weathers/index.html.erb within layouts/application
  [1m[36mSavedWeather Load (0.3ms)[0m  [1m[34mSELECT "saved_weathers".* FROM "saved_weathers"[0m
  Rendered saved_weathers/index.html.erb within layouts/application (4.0ms)
  Rendering shared/navbar.html.erb
  Rendered shared/navbar.html.erb (1.1ms)
Completed 200 OK in 59ms (Views: 57.1ms | ActiveRecord: 0.3ms)


Started DELETE "/saved_weathers/7" for 127.0.0.1 at 2017-11-21 20:33:14 +0200
Processing by SavedWeathersController#destroy as HTML
  Parameters: {"authenticity_token"=>"vvoM0T6yd36Xos+tne7l9ZCij3Fs5rNKKq6kE5qANCN/n/ME29xQMAQqYASbvTGdAucrmDnGHQY6vgXJSbGkcg==", "id"=>"7"}
  [1m[36mSavedWeather Load (0.1ms)[0m  [1m[34mSELECT  "saved_weathers".* FROM "saved_weathers" WHERE "saved_weathers"."id" = ? LIMIT ?[0m  [["id", 7], ["LIMIT", 1]]
  [1m[35m (0.1ms)[0m  [1m[36mbegin transaction[0m
  [1m[35mSQL (0.8ms)[0m  [1m[31mDELETE FROM "saved_weathers" WHERE "saved_weathers"."id" = ?[0m  [["id", 7]]
  [1m[35m (96.2ms)[0m  [1m[36mcommit transaction[0m
Redirected to http://localhost:3000/saved_weathers
Completed 302 Found in 105ms (ActiveRecord: 97.1ms)


Started GET "/saved_weathers" for 127.0.0.1 at 2017-11-21 20:33:14 +0200
Processing by SavedWeathersController#index as HTML
  Rendering saved_weathers/index.html.erb within layouts/application
  [1m[36mSavedWeather Load (0.2ms)[0m  [1m[34mSELECT "saved_weathers".* FROM "saved_weathers"[0m
  Rendered saved_weathers/index.html.erb within layouts/application (5.3ms)
  Rendering shared/navbar.html.erb
  Rendered shared/navbar.html.erb (1.1ms)
Completed 200 OK in 67ms (Views: 65.6ms | ActiveRecord: 0.2ms)


Started DELETE "/saved_weathers/6" for 127.0.0.1 at 2017-11-21 20:33:17 +0200
Processing by SavedWeathersController#destroy as HTML
  Parameters: {"authenticity_token"=>"jmNEmEflEJoEoXtOoDvwktQ+ubd3tISIBIbIAA7lqaRPBrtNoos31Jcp1OemaCT6RnsdXiKUKsQUlmna3dQ59Q==", "id"=>"6"}
  [1m[36mSavedWeather Load (0.1ms)[0m  [1m[34mSELECT  "saved_weathers".* FROM "saved_weathers" WHERE "saved_weathers"."id" = ? LIMIT ?[0m  [["id", 6], ["LIMIT", 1]]
  [1m[35m (0.1ms)[0m  [1m[36mbegin transaction[0m
  [1m[35mSQL (0.8ms)[0m  [1m[31mDELETE FROM "saved_weathers" WHERE "saved_weathers"."id" = ?[0m  [["id", 6]]
  [1m[35m (87.3ms)[0m  [1m[36mcommit transaction[0m
Redirected to http://localhost:3000/saved_weathers
Completed 302 Found in 92ms (ActiveRecord: 88.3ms)


Started GET "/saved_weathers" for 127.0.0.1 at 2017-11-21 20:33:17 +0200
Processing by SavedWeathersController#index as HTML
  Rendering saved_weathers/index.html.erb within layouts/application
  [1m[36mSavedWeather Load (0.3ms)[0m  [1m[34mSELECT "saved_weathers".* FROM "saved_weathers"[0m
  Rendered saved_weathers/index.html.erb within layouts/application (5.6ms)
  Rendering shared/navbar.html.erb
  Rendered shared/navbar.html.erb (1.2ms)
Completed 200 OK in 84ms (Views: 82.1ms | ActiveRecord: 0.3ms)


Started DELETE "/saved_weathers/4" for 127.0.0.1 at 2017-11-21 20:33:19 +0200
Processing by SavedWeathersController#destroy as HTML
  Parameters: {"authenticity_token"=>"kURZMmgOFTK66LP3NIiNTOxIbo2c+okle1HL4gA2EJBQIabnjWAyfClgHF4y21kkfg3KZMnaJ2lrQWo40weAwQ==", "id"=>"4"}
  [1m[36mSavedWeather Load (0.1ms)[0m  [1m[34mSELECT  "saved_weathers".* FROM "saved_weathers" WHERE "saved_weathers"."id" = ? LIMIT ?[0m  [["id", 4], ["LIMIT", 1]]
  [1m[35m (0.1ms)[0m  [1m[36mbegin transaction[0m
  [1m[35mSQL (0.3ms)[0m  [1m[31mDELETE FROM "saved_weathers" WHERE "saved_weathers"."id" = ?[0m  [["id", 4]]
  [1m[35m (110.5ms)[0m  [1m[36mcommit transaction[0m
Redirected to http://localhost:3000/saved_weathers
Completed 302 Found in 117ms (ActiveRecord: 111.0ms)


Started GET "/saved_weathers" for 127.0.0.1 at 2017-11-21 20:33:19 +0200
Processing by SavedWeathersController#index as HTML
  Rendering saved_weathers/index.html.erb within layouts/application
  [1m[36mSavedWeather Load (0.3ms)[0m  [1m[34mSELECT "saved_weathers".* FROM "saved_weathers"[0m
  Rendered saved_weathers/index.html.erb within layouts/application (5.4ms)
  Rendering shared/navbar.html.erb
  Rendered shared/navbar.html.erb (1.2ms)
Completed 200 OK in 71ms (Views: 70.0ms | ActiveRecord: 0.3ms)


Started DELETE "/saved_weathers/2" for 127.0.0.1 at 2017-11-21 20:33:21 +0200
Processing by SavedWeathersController#destroy as HTML
  Parameters: {"authenticity_token"=>"p2zqzJ+6Jq62J/aJpvyma24DBSyuQQhQozynrn6YE8tmCRUZetQB4CWvWSCgr3ID/EahxfthphyzLAZ0ramDmg==", "id"=>"2"}
  [1m[36mSavedWeather Load (0.1ms)[0m  [1m[34mSELECT  "saved_weathers".* FROM "saved_weathers" WHERE "saved_weathers"."id" = ? LIMIT ?[0m  [["id", 2], ["LIMIT", 1]]
  [1m[35m (0.1ms)[0m  [1m[36mbegin transaction[0m
  [1m[35mSQL (0.3ms)[0m  [1m[31mDELETE FROM "saved_weathers" WHERE "saved_weathers"."id" = ?[0m  [["id", 2]]
  [1m[35m (155.6ms)[0m  [1m[36mcommit transaction[0m
Redirected to http://localhost:3000/saved_weathers
Completed 302 Found in 160ms (ActiveRecord: 156.2ms)


Started GET "/saved_weathers" for 127.0.0.1 at 2017-11-21 20:33:21 +0200
Processing by SavedWeathersController#index as HTML
  Rendering saved_weathers/index.html.erb within layouts/application
  [1m[36mSavedWeather Load (0.3ms)[0m  [1m[34mSELECT "saved_weathers".* FROM "saved_weathers"[0m
  Rendered saved_weathers/index.html.erb within layouts/application (2.8ms)
  Rendering shared/navbar.html.erb
  Rendered shared/navbar.html.erb (1.7ms)
Completed 200 OK in 83ms (Views: 81.2ms | ActiveRecord: 0.3ms)


Started GET "/saved_weathers" for 127.0.0.1 at 2017-11-21 20:34:52 +0200
Processing by SavedWeathersController#index as HTML
  Rendering saved_weathers/index.html.erb within layouts/application
  [1m[36mSavedWeather Load (0.2ms)[0m  [1m[34mSELECT "saved_weathers".* FROM "saved_weathers"[0m
  Rendered saved_weathers/index.html.erb within layouts/application (2.6ms)
  Rendering shared/navbar.html.erb
  Rendered shared/navbar.html.erb (1.1ms)
Completed 200 OK in 59ms (Views: 57.2ms | ActiveRecord: 0.2ms)


Started GET "/saved_weathers" for 127.0.0.1 at 2017-11-21 20:37:11 +0200
Processing by SavedWeathersController#index as HTML
  Rendering saved_weathers/index.html.erb within layouts/application
  [1m[36mSavedWeather Load (0.2ms)[0m  [1m[34mSELECT "saved_weathers".* FROM "saved_weathers"[0m
  Rendered saved_weathers/index.html.erb within layouts/application (5.0ms)
  Rendering shared/navbar.html.erb
  Rendered shared/navbar.html.erb (1.3ms)
Completed 200 OK in 65ms (Views: 63.9ms | ActiveRecord: 0.2ms)


Started GET "/?utf8=%E2%9C%93&thing%5Bsearch_city%5D=Kiev&commit=Save+Thing" for 127.0.0.1 at 2017-11-21 20:37:18 +0200
Processing by SavedWeathersController#index as HTML
  Parameters: {"utf8"=>"✓", "thing"=>{"search_city"=>"Kiev"}, "commit"=>"Save Thing"}
  [1m[35m (0.1ms)[0m  [1m[36mbegin transaction[0m
  [1m[35mSQL (0.6ms)[0m  [1m[32mINSERT INTO "saved_weathers" ("yahoo_title", "yahoo_temp", "yahoo_text", "owm_min", "owm_max", "owm_cloud", "created_at", "updated_at") VALUES (?, ?, ?, ?, ?, ?, ?, ?)[0m  [["yahoo_title", "Conditions for Kyiv, Kyiv City Municipality, UA at 08:00 PM EET"], ["yahoo_temp", "0"], ["yahoo_text", "Partly Cloudy"], ["owm_min", "0"], ["owm_max", "0"], ["owm_cloud", "broken clouds"], ["created_at", "2017-11-21 18:37:18.900069"], ["updated_at", "2017-11-21 18:37:18.900069"]]
  [1m[35m (73.5ms)[0m  [1m[36mcommit transaction[0m
  Rendering saved_weathers/index.html.erb within layouts/application
  [1m[36mSavedWeather Load (3.4ms)[0m  [1m[34mSELECT "saved_weathers".* FROM "saved_weathers"[0m
  Rendered saved_weathers/index.html.erb within layouts/application (6.6ms)
  Rendering shared/navbar.html.erb
  Rendered shared/navbar.html.erb (1.2ms)
Completed 200 OK in 649ms (Views: 71.5ms | ActiveRecord: 77.5ms)


Started GET "/?utf8=%E2%9C%93&thing%5Bsearch_city%5D=Cherkasy&commit=Save+Thing" for 127.0.0.1 at 2017-11-21 20:37:33 +0200
Processing by SavedWeathersController#index as HTML
  Parameters: {"utf8"=>"✓", "thing"=>{"search_city"=>"Cherkasy"}, "commit"=>"Save Thing"}
  [1m[35m (0.2ms)[0m  [1m[36mbegin transaction[0m
  [1m[35mSQL (1.4ms)[0m  [1m[32mINSERT INTO "saved_weathers" ("yahoo_title", "yahoo_temp", "yahoo_text", "owm_min", "owm_max", "owm_cloud", "created_at", "updated_at") VALUES (?, ?, ?, ?, ?, ?, ?, ?)[0m  [["yahoo_title", "Conditions for Cherkassy, Cherkasy Oblast, UA at 08:00 PM EET"], ["yahoo_temp", "0"], ["yahoo_text", "Partly Cloudy"], ["owm_min", "-0.94"], ["owm_max", "-0.94"], ["owm_cloud", "broken clouds"], ["created_at", "2017-11-21 18:37:33.863312"], ["updated_at", "2017-11-21 18:37:33.863312"]]
  [1m[35m (63.2ms)[0m  [1m[36mcommit transaction[0m
  Rendering saved_weathers/index.html.erb within layouts/application
  [1m[36mSavedWeather Load (0.3ms)[0m  [1m[34mSELECT "saved_weathers".* FROM "saved_weathers"[0m
  Rendered saved_weathers/index.html.erb within layouts/application (4.2ms)
  Rendering shared/navbar.html.erb
  Rendered shared/navbar.html.erb (1.0ms)
Completed 200 OK in 660ms (Views: 72.8ms | ActiveRecord: 65.1ms)


Started GET "/?utf8=%E2%9C%93&thing%5Bsearch_city%5D=Odessa&commit=Save+Thing" for 127.0.0.1 at 2017-11-21 20:37:44 +0200
Processing by SavedWeathersController#index as HTML
  Parameters: {"utf8"=>"✓", "thing"=>{"search_city"=>"Odessa"}, "commit"=>"Save Thing"}
  [1m[35m (0.2ms)[0m  [1m[36mbegin transaction[0m
  [1m[35mSQL (3.1ms)[0m  [1m[32mINSERT INTO "saved_weathers" ("yahoo_title", "yahoo_temp", "yahoo_text", "owm_min", "owm_max", "owm_cloud", "created_at", "updated_at") VALUES (?, ?, ?, ?, ?, ?, ?, ?)[0m  [["yahoo_title", "Conditions for Odesa, Odessa Oblast, UA at 08:00 PM EET"], ["yahoo_temp", "1"], ["yahoo_text", "Partly Cloudy"], ["owm_min", "1"], ["owm_max", "1"], ["owm_cloud", "scattered clouds"], ["created_at", "2017-11-21 18:37:44.634058"], ["updated_at", "2017-11-21 18:37:44.634058"]]
  [1m[35m (85.6ms)[0m  [1m[36mcommit transaction[0m
  Rendering saved_weathers/index.html.erb within layouts/application
  [1m[36mSavedWeather Load (0.5ms)[0m  [1m[34mSELECT "saved_weathers".* FROM "saved_weathers"[0m
  Rendered saved_weathers/index.html.erb within layouts/application (7.3ms)
  Rendering shared/navbar.html.erb
  Rendered shared/navbar.html.erb (1.0ms)
Completed 200 OK in 602ms (Views: 116.6ms | ActiveRecord: 89.4ms)


Started GET "/" for 127.0.0.1 at 2017-11-21 20:37:53 +0200
Processing by SavedWeathersController#index as HTML
  Rendering saved_weathers/index.html.erb within layouts/application
  [1m[36mSavedWeather Load (0.3ms)[0m  [1m[34mSELECT "saved_weathers".* FROM "saved_weathers"[0m
  Rendered saved_weathers/index.html.erb within layouts/application (4.9ms)
  Rendering shared/navbar.html.erb
  Rendered shared/navbar.html.erb (1.2ms)
Completed 200 OK in 74ms (Views: 72.6ms | ActiveRecord: 0.3ms)


Started GET "/" for 127.0.0.1 at 2017-11-21 20:38:26 +0200
Processing by SavedWeathersController#index as HTML
  Rendering saved_weathers/index.html.erb within layouts/application
  [1m[36mSavedWeather Load (0.2ms)[0m  [1m[34mSELECT "saved_weathers".* FROM "saved_weathers"[0m
  Rendered saved_weathers/index.html.erb within layouts/application (4.0ms)
  Rendering shared/navbar.html.erb
  Rendered shared/navbar.html.erb (1.4ms)
Completed 200 OK in 83ms (Views: 81.9ms | ActiveRecord: 0.2ms)


Started GET "/" for 127.0.0.1 at 2017-11-21 20:38:56 +0200
Processing by SavedWeathersController#index as HTML
  Rendering saved_weathers/index.html.erb within layouts/application
  [1m[36mSavedWeather Load (0.3ms)[0m  [1m[34mSELECT "saved_weathers".* FROM "saved_weathers"[0m
  Rendered saved_weathers/index.html.erb within layouts/application (3.9ms)
  Rendering shared/navbar.html.erb
  Rendered shared/navbar.html.erb (1.2ms)
Completed 200 OK in 77ms (Views: 75.6ms | ActiveRecord: 0.3ms)


Started GET "/" for 127.0.0.1 at 2017-11-21 20:39:13 +0200
Processing by SavedWeathersController#index as HTML
  Rendering saved_weathers/index.html.erb within layouts/application
  [1m[36mSavedWeather Load (0.3ms)[0m  [1m[34mSELECT "saved_weathers".* FROM "saved_weathers"[0m
  Rendered saved_weathers/index.html.erb within layouts/application (4.2ms)
  Rendering shared/navbar.html.erb
  Rendered shared/navbar.html.erb (1.2ms)
Completed 200 OK in 62ms (Views: 60.8ms | ActiveRecord: 0.3ms)


Started GET "/" for 127.0.0.1 at 2017-11-21 20:39:27 +0200
Processing by SavedWeathersController#index as HTML
  Rendering saved_weathers/index.html.erb within layouts/application
  [1m[36mSavedWeather Load (0.2ms)[0m  [1m[34mSELECT "saved_weathers".* FROM "saved_weathers"[0m
  Rendered saved_weathers/index.html.erb within layouts/application (4.7ms)
  Rendering shared/navbar.html.erb
  Rendered shared/navbar.html.erb (1.0ms)
Completed 200 OK in 63ms (Views: 61.6ms | ActiveRecord: 0.2ms)


Started GET "/" for 127.0.0.1 at 2017-11-21 20:39:40 +0200
Processing by SavedWeathersController#index as HTML
  Rendering saved_weathers/index.html.erb within layouts/application
  [1m[36mSavedWeather Load (0.3ms)[0m  [1m[34mSELECT "saved_weathers".* FROM "saved_weathers"[0m
  Rendered saved_weathers/index.html.erb within layouts/application (3.9ms)
  Rendering shared/navbar.html.erb
  Rendered shared/navbar.html.erb (1.0ms)
Completed 200 OK in 67ms (Views: 65.8ms | ActiveRecord: 0.3ms)


Started GET "/" for 127.0.0.1 at 2017-11-21 20:40:10 +0200
Processing by SavedWeathersController#index as HTML
  Rendering saved_weathers/index.html.erb within layouts/application
  [1m[36mSavedWeather Load (0.3ms)[0m  [1m[34mSELECT "saved_weathers".* FROM "saved_weathers"[0m
  Rendered saved_weathers/index.html.erb within layouts/application (4.5ms)
  Rendering shared/navbar.html.erb
  Rendered shared/navbar.html.erb (1.1ms)
Completed 200 OK in 65ms (Views: 63.3ms | ActiveRecord: 0.3ms)


Started GET "/" for 127.0.0.1 at 2017-11-21 20:42:48 +0200
Processing by SavedWeathersController#index as HTML
  Rendering saved_weathers/index.html.erb within layouts/application
  [1m[36mSavedWeather Load (0.2ms)[0m  [1m[34mSELECT "saved_weathers".* FROM "saved_weathers"[0m
  Rendered saved_weathers/index.html.erb within layouts/application (3.6ms)
  Rendering shared/navbar.html.erb
  Rendered shared/navbar.html.erb (1.0ms)
Completed 200 OK in 74ms (Views: 72.4ms | ActiveRecord: 0.2ms)


Started GET "/" for 127.0.0.1 at 2017-11-21 20:45:01 +0200
Processing by SavedWeathersController#index as HTML
  Rendering saved_weathers/index.html.erb within layouts/application
  [1m[36mSavedWeather Load (1.6ms)[0m  [1m[34mSELECT "saved_weathers".* FROM "saved_weathers"[0m
  Rendered saved_weathers/index.html.erb within layouts/application (5.0ms)
  Rendering shared/navbar.html.erb
  Rendered shared/navbar.html.erb (1.1ms)
Completed 200 OK in 68ms (Views: 64.5ms | ActiveRecord: 1.6ms)


Started GET "/" for 127.0.0.1 at 2017-11-21 20:46:52 +0200
Processing by SavedWeathersController#index as HTML
  Rendering saved_weathers/index.html.erb within layouts/application
  [1m[36mSavedWeather Load (0.2ms)[0m  [1m[34mSELECT "saved_weathers".* FROM "saved_weathers"[0m
  Rendered saved_weathers/index.html.erb within layouts/application (20.4ms)
  Rendering shared/navbar.html.erb
  Rendered shared/navbar.html.erb (1.2ms)
Completed 200 OK in 83ms (Views: 79.6ms | ActiveRecord: 1.3ms)


